2024-01-25 00:40:32.351 [info] Log level: Info
2024-01-25 00:40:32.351 [info] Validating found git in: "git"
2024-01-25 00:40:32.351 [info] Using git "2.34.1" from "git"
2024-01-25 00:41:35.330 [info] Log level: Info
2024-01-25 00:41:35.330 [info] Validating found git in: "git"
2024-01-25 00:41:35.330 [info] Using git "2.34.1" from "git"
2024-01-25 00:41:35.330 [info] > git rev-parse --show-toplevel [51ms]
2024-01-25 00:41:35.373 [info] > git rev-parse --show-toplevel [2ms]
2024-01-25 00:41:35.458 [info] > git rev-parse --show-toplevel [3ms]
2024-01-25 00:41:35.483 [info] > git rev-parse --show-toplevel [4ms]
2024-01-25 00:41:35.510 [info] > git rev-parse --show-toplevel [4ms]
2024-01-25 00:41:35.531 [info] > git rev-parse --show-toplevel [2ms]
2024-01-25 00:41:35.547 [info] > git rev-parse --show-toplevel [2ms]
2024-01-25 00:41:35.565 [info] > git rev-parse --show-toplevel [3ms]
2024-01-25 00:41:35.611 [info] > git rev-parse --show-toplevel [2ms]
2024-01-25 00:41:35.626 [info] > git rev-parse --show-toplevel [2ms]
2024-01-25 00:41:35.641 [info] > git rev-parse --show-toplevel [2ms]
2024-01-25 00:41:35.654 [info] > git rev-parse --show-toplevel [2ms]
2024-01-25 00:41:35.669 [info] > git rev-parse --show-toplevel [1ms]
2024-01-25 00:41:35.683 [info] > git rev-parse --show-toplevel [2ms]
2024-01-25 00:41:35.699 [info] > git rev-parse --show-toplevel [3ms]
2024-01-25 00:41:35.713 [info] > git rev-parse --show-toplevel [2ms]
2024-01-25 00:41:35.728 [info] > git rev-parse --show-toplevel [2ms]
2024-01-25 00:41:35.846 [info] > git rev-parse --show-toplevel [3ms]
2024-01-25 00:41:35.862 [info] > git rev-parse --show-toplevel [2ms]
2024-01-25 00:41:35.876 [info] > git rev-parse --show-toplevel [2ms]
2024-01-25 00:41:35.890 [info] > git rev-parse --show-toplevel [2ms]
2024-01-25 00:41:35.907 [info] > git rev-parse --show-toplevel [3ms]
2024-01-25 00:41:35.921 [info] > git rev-parse --show-toplevel [2ms]
2024-01-25 00:41:35.934 [info] > git rev-parse --show-toplevel [2ms]
2024-01-25 00:41:35.948 [info] > git rev-parse --show-toplevel [1ms]
2024-01-25 00:41:35.963 [info] > git rev-parse --show-toplevel [1ms]
2024-01-25 00:41:35.974 [info] > git rev-parse --show-toplevel [2ms]
2024-01-25 00:41:35.986 [info] > git rev-parse --show-toplevel [2ms]
2024-01-25 00:41:35.998 [info] > git rev-parse --show-toplevel [1ms]
2024-01-25 00:41:36.009 [info] > git rev-parse --show-toplevel [2ms]
2024-01-25 00:41:36.021 [info] > git rev-parse --show-toplevel [2ms]
2024-01-25 00:41:36.032 [info] > git rev-parse --show-toplevel [2ms]
2024-01-25 00:41:36.044 [info] > git rev-parse --show-toplevel [2ms]
2024-01-25 00:41:36.056 [info] > git rev-parse --show-toplevel [2ms]
2024-01-25 00:41:36.067 [info] > git rev-parse --show-toplevel [1ms]
2024-01-25 00:41:36.080 [info] > git rev-parse --show-toplevel [2ms]
2024-01-25 00:41:36.095 [info] > git rev-parse --show-toplevel [1ms]
2024-01-25 00:41:36.109 [info] > git rev-parse --show-toplevel [2ms]
2024-01-25 00:41:36.123 [info] > git rev-parse --show-toplevel [1ms]
2024-01-25 00:41:36.136 [info] > git rev-parse --show-toplevel [1ms]
2024-01-25 00:41:36.147 [info] > git rev-parse --show-toplevel [2ms]
2024-01-25 00:41:36.163 [info] > git rev-parse --show-toplevel [5ms]
2024-01-25 00:41:36.175 [info] > git rev-parse --show-toplevel [2ms]
2024-01-25 00:41:36.190 [info] > git rev-parse --show-toplevel [2ms]
2024-01-25 00:41:36.203 [info] > git rev-parse --show-toplevel [2ms]
2024-01-25 00:41:36.216 [info] > git rev-parse --show-toplevel [2ms]
2024-01-25 00:41:36.228 [info] > git rev-parse --show-toplevel [2ms]
2024-01-25 00:41:36.240 [info] > git rev-parse --show-toplevel [2ms]
2024-01-25 00:41:36.254 [info] > git rev-parse --show-toplevel [2ms]
2024-01-25 00:41:36.267 [info] > git rev-parse --show-toplevel [2ms]
2024-01-25 00:41:36.299 [info] > git rev-parse --show-toplevel [2ms]
2024-01-25 00:41:36.312 [info] > git rev-parse --show-toplevel [2ms]
2024-01-25 00:41:36.324 [info] > git rev-parse --show-toplevel [1ms]
2024-01-25 00:41:36.338 [info] > git rev-parse --show-toplevel [2ms]
2024-01-25 00:41:36.350 [info] > git rev-parse --show-toplevel [1ms]
2024-01-25 00:41:36.363 [info] > git rev-parse --show-toplevel [2ms]
2024-01-25 00:41:36.374 [info] > git rev-parse --show-toplevel [2ms]
2024-01-25 00:41:36.398 [info] > git rev-parse --show-toplevel [4ms]
2024-01-25 00:41:36.440 [info] > git rev-parse --show-toplevel [3ms]
2024-01-25 00:41:36.456 [info] > git rev-parse --show-toplevel [2ms]
2024-01-25 00:41:36.472 [info] > git rev-parse --show-toplevel [2ms]
2024-01-25 00:41:36.484 [info] > git rev-parse --show-toplevel [2ms]
2024-01-25 00:41:36.497 [info] > git rev-parse --show-toplevel [2ms]
2024-01-25 00:41:36.511 [info] > git rev-parse --show-toplevel [2ms]
2024-01-25 00:41:36.526 [info] > git rev-parse --show-toplevel [2ms]
2024-01-25 00:41:36.541 [info] > git rev-parse --show-toplevel [1ms]
2024-01-25 00:41:36.556 [info] > git rev-parse --show-toplevel [1ms]
2024-01-25 00:41:36.568 [info] > git rev-parse --show-toplevel [1ms]
2024-01-25 00:41:36.578 [info] > git rev-parse --show-toplevel [1ms]
2024-01-25 00:41:36.593 [info] > git rev-parse --show-toplevel [2ms]
2024-01-25 00:41:36.612 [info] > git rev-parse --show-toplevel [1ms]
2024-01-25 00:41:36.623 [info] > git rev-parse --show-toplevel [1ms]
2024-01-25 00:41:36.657 [info] > git rev-parse --show-toplevel [5ms]
2024-01-25 00:41:36.671 [info] > git rev-parse --show-toplevel [2ms]
2024-01-25 00:41:36.683 [info] > git rev-parse --show-toplevel [1ms]
2024-01-25 00:41:36.700 [info] > git rev-parse --show-toplevel [1ms]
2024-01-25 00:41:36.711 [info] > git rev-parse --show-toplevel [1ms]
2024-01-25 00:41:36.724 [info] > git rev-parse --show-toplevel [2ms]
2024-01-25 00:41:36.736 [info] > git rev-parse --show-toplevel [1ms]
2024-01-25 00:41:36.745 [info] > git rev-parse --show-toplevel [2ms]
2024-01-25 00:41:36.757 [info] > git rev-parse --show-toplevel [2ms]
2024-01-25 00:41:36.769 [info] > git rev-parse --show-toplevel [2ms]
2024-01-25 00:41:36.782 [info] > git rev-parse --show-toplevel [2ms]
2024-01-25 00:41:36.794 [info] > git rev-parse --show-toplevel [2ms]
2024-01-25 00:41:36.807 [info] > git rev-parse --show-toplevel [2ms]
2024-01-25 00:41:36.819 [info] > git rev-parse --show-toplevel [1ms]
2024-01-25 00:41:36.830 [info] > git rev-parse --show-toplevel [2ms]
2024-01-25 00:41:36.842 [info] > git rev-parse --show-toplevel [1ms]
2024-01-25 00:41:36.855 [info] > git rev-parse --show-toplevel [1ms]
2024-01-25 00:41:36.882 [info] > git rev-parse --show-toplevel [2ms]
2024-01-25 00:41:36.892 [info] > git rev-parse --show-toplevel [1ms]
2024-01-25 00:41:36.902 [info] > git rev-parse --show-toplevel [1ms]
2024-01-25 00:41:36.913 [info] > git rev-parse --show-toplevel [1ms]
2024-01-25 00:41:36.923 [info] > git rev-parse --show-toplevel [1ms]
2024-01-25 00:41:36.934 [info] > git rev-parse --show-toplevel [3ms]
2024-01-25 00:41:36.944 [info] > git rev-parse --show-toplevel [1ms]
2024-01-25 00:41:36.955 [info] > git rev-parse --show-toplevel [1ms]
2024-01-25 00:41:36.967 [info] > git rev-parse --show-toplevel [2ms]
2024-01-25 00:41:37.009 [info] > git rev-parse --show-toplevel [1ms]
2024-01-25 00:41:37.023 [info] > git rev-parse --show-toplevel [1ms]
2024-01-25 00:41:37.038 [info] > git rev-parse --show-toplevel [2ms]
2024-01-25 00:41:37.051 [info] > git rev-parse --show-toplevel [2ms]
2024-01-25 00:41:37.064 [info] > git rev-parse --show-toplevel [1ms]
2024-01-25 00:41:37.079 [info] > git rev-parse --show-toplevel [2ms]
2024-01-25 00:41:37.093 [info] > git rev-parse --show-toplevel [2ms]
2024-01-25 00:41:37.106 [info] > git rev-parse --show-toplevel [2ms]
2024-01-25 00:41:37.119 [info] > git rev-parse --show-toplevel [2ms]
2024-01-25 00:41:37.133 [info] > git rev-parse --show-toplevel [2ms]
2024-01-25 00:41:37.148 [info] > git rev-parse --show-toplevel [3ms]
2024-01-25 00:41:37.166 [info] > git rev-parse --show-toplevel [2ms]
2024-01-25 00:41:37.179 [info] > git rev-parse --show-toplevel [2ms]
2024-01-25 00:41:37.192 [info] > git rev-parse --show-toplevel [1ms]
2024-01-25 00:41:37.207 [info] > git rev-parse --show-toplevel [1ms]
2024-01-25 00:41:37.220 [info] > git rev-parse --show-toplevel [1ms]
2024-01-25 00:41:37.233 [info] > git rev-parse --show-toplevel [2ms]
2024-01-25 00:41:37.245 [info] > git rev-parse --show-toplevel [2ms]
2024-01-25 00:41:37.256 [info] > git rev-parse --show-toplevel [1ms]
2024-01-25 00:41:37.268 [info] > git rev-parse --show-toplevel [2ms]
2024-01-25 00:41:37.293 [info] > git rev-parse --show-toplevel [1ms]
2024-01-25 00:41:37.315 [info] > git rev-parse --show-toplevel [6ms]
2024-01-25 00:41:37.330 [info] > git rev-parse --show-toplevel [2ms]
2024-01-25 00:41:37.342 [info] > git rev-parse --show-toplevel [2ms]
2024-01-25 00:41:37.352 [info] > git rev-parse --show-toplevel [1ms]
2024-01-25 00:41:37.362 [info] > git rev-parse --show-toplevel [2ms]
2024-01-25 00:41:37.372 [info] > git rev-parse --show-toplevel [1ms]
2024-01-25 00:41:37.385 [info] > git rev-parse --show-toplevel [3ms]
2024-01-25 00:41:37.397 [info] > git rev-parse --show-toplevel [1ms]
2024-01-25 00:41:37.443 [info] > git rev-parse --show-toplevel [2ms]
2024-01-25 00:41:37.479 [info] > git rev-parse --show-toplevel [3ms]
2024-01-25 00:41:37.495 [info] > git rev-parse --show-toplevel [2ms]
2024-01-25 00:41:37.506 [info] > git rev-parse --show-toplevel [1ms]
2024-01-25 00:41:37.517 [info] > git rev-parse --show-toplevel [1ms]
2024-01-25 00:41:37.528 [info] > git rev-parse --show-toplevel [2ms]
2024-01-25 00:41:37.539 [info] > git rev-parse --show-toplevel [1ms]
2024-01-25 00:41:37.549 [info] > git rev-parse --show-toplevel [1ms]
2024-01-25 00:41:37.560 [info] > git rev-parse --show-toplevel [1ms]
2024-01-25 00:41:37.571 [info] > git rev-parse --show-toplevel [1ms]
2024-01-25 00:41:37.585 [info] > git rev-parse --show-toplevel [2ms]
2024-01-25 00:41:37.595 [info] > git rev-parse --show-toplevel [1ms]
2024-01-25 00:41:37.606 [info] > git rev-parse --show-toplevel [2ms]
2024-01-25 00:41:37.617 [info] > git rev-parse --show-toplevel [2ms]
2024-01-25 00:41:37.627 [info] > git rev-parse --show-toplevel [1ms]
2024-01-25 00:41:37.637 [info] > git rev-parse --show-toplevel [1ms]
2024-01-25 00:41:37.647 [info] > git rev-parse --show-toplevel [1ms]
2024-01-25 00:41:37.659 [info] > git rev-parse --show-toplevel [2ms]
2024-01-25 00:41:37.671 [info] > git rev-parse --show-toplevel [1ms]
2024-01-25 00:41:37.682 [info] > git rev-parse --show-toplevel [1ms]
2024-01-25 00:41:37.692 [info] > git rev-parse --show-toplevel [1ms]
2024-01-25 00:41:37.703 [info] > git rev-parse --show-toplevel [2ms]
2024-01-25 00:41:37.714 [info] > git rev-parse --show-toplevel [2ms]
2024-01-25 00:41:37.728 [info] > git rev-parse --show-toplevel [2ms]
2024-01-25 00:41:37.740 [info] > git rev-parse --show-toplevel [2ms]
2024-01-25 00:41:37.752 [info] > git rev-parse --show-toplevel [2ms]
2024-01-25 00:41:37.765 [info] > git rev-parse --show-toplevel [2ms]
2024-01-25 00:41:37.777 [info] > git rev-parse --show-toplevel [1ms]
2024-01-25 00:41:37.789 [info] > git rev-parse --show-toplevel [1ms]
2024-01-25 00:41:37.801 [info] > git rev-parse --show-toplevel [1ms]
2024-01-25 00:41:37.814 [info] > git rev-parse --show-toplevel [2ms]
2024-01-25 00:41:37.826 [info] > git rev-parse --show-toplevel [2ms]
2024-01-25 00:41:37.838 [info] > git rev-parse --show-toplevel [2ms]
2024-01-25 00:41:37.850 [info] > git rev-parse --show-toplevel [2ms]
2024-01-25 00:41:37.862 [info] > git rev-parse --show-toplevel [1ms]
2024-01-25 00:41:37.875 [info] > git rev-parse --show-toplevel [1ms]
2024-01-25 00:41:37.887 [info] > git rev-parse --show-toplevel [2ms]
2024-01-25 00:41:37.899 [info] > git rev-parse --show-toplevel [2ms]
2024-01-25 00:41:37.911 [info] > git rev-parse --show-toplevel [1ms]
2024-01-25 00:41:37.924 [info] > git rev-parse --show-toplevel [1ms]
2024-01-25 00:41:37.937 [info] > git rev-parse --show-toplevel [2ms]
2024-01-25 00:41:37.949 [info] > git rev-parse --show-toplevel [2ms]
2024-01-25 00:41:37.964 [info] > git rev-parse --show-toplevel [2ms]
2024-01-25 00:41:37.976 [info] > git rev-parse --show-toplevel [1ms]
2024-01-25 00:41:37.989 [info] > git rev-parse --show-toplevel [1ms]
2024-01-25 00:41:38.002 [info] > git rev-parse --show-toplevel [2ms]
2024-01-25 00:41:38.014 [info] > git rev-parse --show-toplevel [2ms]
2024-01-25 00:41:38.026 [info] > git rev-parse --show-toplevel [1ms]
2024-01-25 00:41:38.039 [info] > git rev-parse --show-toplevel [2ms]
2024-01-25 00:41:38.051 [info] > git rev-parse --show-toplevel [2ms]
2024-01-25 00:41:38.062 [info] > git rev-parse --show-toplevel [1ms]
2024-01-25 00:41:38.074 [info] > git rev-parse --show-toplevel [1ms]
2024-01-25 00:41:38.087 [info] > git rev-parse --show-toplevel [1ms]
2024-01-25 00:41:38.100 [info] > git rev-parse --show-toplevel [2ms]
2024-01-25 00:41:38.111 [info] > git rev-parse --show-toplevel [1ms]
2024-01-25 00:41:38.123 [info] > git rev-parse --show-toplevel [1ms]
2024-01-25 00:41:38.135 [info] > git rev-parse --show-toplevel [1ms]
2024-01-25 00:41:38.147 [info] > git rev-parse --show-toplevel [1ms]
2024-01-25 00:41:38.159 [info] > git rev-parse --show-toplevel [2ms]
2024-01-25 00:41:38.170 [info] > git rev-parse --show-toplevel [1ms]
2024-01-25 00:41:38.183 [info] > git rev-parse --show-toplevel [2ms]
2024-01-25 00:41:38.196 [info] > git rev-parse --show-toplevel [2ms]
2024-01-25 00:41:38.209 [info] > git rev-parse --show-toplevel [1ms]
2024-01-25 00:41:38.221 [info] > git rev-parse --show-toplevel [1ms]
2024-01-25 00:41:38.234 [info] > git rev-parse --show-toplevel [2ms]
2024-01-25 00:41:38.246 [info] > git rev-parse --show-toplevel [2ms]
2024-01-25 00:41:38.259 [info] > git rev-parse --show-toplevel [2ms]
2024-01-25 00:41:38.272 [info] > git rev-parse --show-toplevel [2ms]
2024-01-25 00:41:38.284 [info] > git rev-parse --show-toplevel [2ms]
2024-01-25 00:41:38.298 [info] > git rev-parse --show-toplevel [2ms]
2024-01-25 00:41:38.311 [info] > git rev-parse --show-toplevel [2ms]
2024-01-25 00:41:38.324 [info] > git rev-parse --show-toplevel [1ms]
2024-01-25 00:41:38.337 [info] > git rev-parse --show-toplevel [2ms]
2024-01-25 00:41:38.351 [info] > git rev-parse --show-toplevel [2ms]
2024-01-25 00:41:38.364 [info] > git rev-parse --show-toplevel [2ms]
2024-01-25 00:41:38.378 [info] > git rev-parse --show-toplevel [2ms]
2024-01-25 00:41:38.396 [info] > git rev-parse --show-toplevel [4ms]
2024-01-25 00:41:38.414 [info] > git rev-parse --show-toplevel [2ms]
2024-01-25 00:41:38.427 [info] > git rev-parse --show-toplevel [2ms]
2024-01-25 00:41:38.438 [info] > git rev-parse --show-toplevel [1ms]
2024-01-25 00:41:38.451 [info] > git rev-parse --show-toplevel [2ms]
2024-01-25 00:41:38.462 [info] > git rev-parse --show-toplevel [1ms]
2024-01-25 00:41:38.475 [info] > git rev-parse --show-toplevel [1ms]
2024-01-25 00:41:38.492 [info] > git rev-parse --show-toplevel [2ms]
2024-01-25 00:41:38.508 [info] > git rev-parse --show-toplevel [2ms]
2024-01-25 00:41:38.523 [info] > git rev-parse --show-toplevel [2ms]
2024-01-25 00:41:38.537 [info] > git rev-parse --show-toplevel [2ms]
2024-01-25 00:41:38.549 [info] > git rev-parse --show-toplevel [1ms]
2024-01-25 00:41:38.562 [info] > git rev-parse --show-toplevel [2ms]
2024-01-25 00:41:38.575 [info] > git rev-parse --show-toplevel [2ms]
2024-01-25 00:41:38.586 [info] > git rev-parse --show-toplevel [2ms]
2024-01-25 00:41:38.597 [info] > git rev-parse --show-toplevel [1ms]
2024-01-25 00:41:38.614 [info] > git rev-parse --show-toplevel [4ms]
2024-01-25 00:41:38.676 [info] > git rev-parse --show-toplevel [2ms]
2024-01-25 00:41:38.693 [info] > git rev-parse --show-toplevel [2ms]
2024-01-25 00:41:38.708 [info] > git rev-parse --show-toplevel [2ms]
2024-01-25 00:41:38.724 [info] > git rev-parse --show-toplevel [2ms]
2024-01-25 00:41:38.740 [info] > git rev-parse --show-toplevel [1ms]
2024-01-25 00:41:38.755 [info] > git rev-parse --show-toplevel [3ms]
2024-01-25 00:41:38.767 [info] > git rev-parse --show-toplevel [1ms]
2024-01-25 00:41:38.782 [info] > git rev-parse --show-toplevel [1ms]
2024-01-25 00:41:38.792 [info] > git rev-parse --show-toplevel [1ms]
2024-01-25 00:41:38.803 [info] > git rev-parse --show-toplevel [1ms]
2024-01-25 00:41:38.813 [info] > git rev-parse --show-toplevel [1ms]
2024-01-25 00:41:38.825 [info] > git rev-parse --show-toplevel [2ms]
2024-01-25 00:41:38.836 [info] > git rev-parse --show-toplevel [1ms]
2024-01-25 00:41:38.846 [info] > git rev-parse --show-toplevel [1ms]
2024-01-25 00:41:38.862 [info] > git rev-parse --show-toplevel [6ms]
2024-01-25 00:41:38.875 [info] > git rev-parse --show-toplevel [2ms]
2024-01-25 00:41:38.894 [info] > git rev-parse --show-toplevel [2ms]
2024-01-25 00:41:38.917 [info] > git rev-parse --show-toplevel [2ms]
2024-01-25 00:41:38.932 [info] > git rev-parse --show-toplevel [2ms]
2024-01-25 00:41:38.946 [info] > git rev-parse --show-toplevel [2ms]
2024-01-25 00:41:38.957 [info] > git rev-parse --show-toplevel [1ms]
2024-01-25 00:41:38.969 [info] > git rev-parse --show-toplevel [2ms]
2024-01-25 00:41:38.981 [info] > git rev-parse --show-toplevel [2ms]
2024-01-25 00:41:38.992 [info] > git rev-parse --show-toplevel [1ms]
2024-01-25 00:41:39.003 [info] > git rev-parse --show-toplevel [1ms]
2024-01-25 00:41:39.014 [info] > git rev-parse --show-toplevel [2ms]
2024-01-25 00:41:39.032 [info] > git rev-parse --show-toplevel [2ms]
2024-01-25 00:41:39.047 [info] > git rev-parse --show-toplevel [2ms]
2024-01-25 00:41:39.060 [info] > git rev-parse --show-toplevel [2ms]
2024-01-25 00:41:39.072 [info] > git rev-parse --show-toplevel [1ms]
2024-01-25 00:41:39.084 [info] > git rev-parse --show-toplevel [2ms]
2024-01-25 00:41:39.095 [info] > git rev-parse --show-toplevel [1ms]
2024-01-25 00:41:39.107 [info] > git rev-parse --show-toplevel [1ms]
2024-01-25 00:41:39.119 [info] > git rev-parse --show-toplevel [2ms]
2024-01-25 00:41:39.130 [info] > git rev-parse --show-toplevel [2ms]
2024-01-25 00:41:39.142 [info] > git rev-parse --show-toplevel [2ms]
2024-01-25 00:41:39.160 [info] > git rev-parse --show-toplevel [2ms]
2024-01-25 00:41:39.175 [info] > git rev-parse --show-toplevel [4ms]
2024-01-25 00:41:39.186 [info] > git rev-parse --show-toplevel [1ms]
2024-01-25 00:41:39.198 [info] > git rev-parse --show-toplevel [1ms]
2024-01-25 00:41:39.208 [info] > git rev-parse --show-toplevel [1ms]
2024-01-25 00:41:39.221 [info] > git rev-parse --show-toplevel [1ms]
2024-01-25 00:41:39.235 [info] > git rev-parse --show-toplevel [1ms]
2024-01-25 00:41:39.246 [info] > git rev-parse --show-toplevel [2ms]
2024-01-25 00:41:39.257 [info] > git rev-parse --show-toplevel [1ms]
2024-01-25 00:41:39.268 [info] > git rev-parse --show-toplevel [1ms]
2024-01-25 00:41:39.280 [info] > git rev-parse --show-toplevel [2ms]
2024-01-25 00:41:39.292 [info] > git rev-parse --show-toplevel [2ms]
2024-01-25 00:41:39.304 [info] > git rev-parse --show-toplevel [2ms]
2024-01-25 00:41:39.315 [info] > git rev-parse --show-toplevel [2ms]
2024-01-25 00:41:39.326 [info] > git rev-parse --show-toplevel [2ms]
2024-01-25 00:41:39.337 [info] > git rev-parse --show-toplevel [1ms]
2024-01-25 00:41:39.349 [info] > git rev-parse --show-toplevel [2ms]
2024-01-25 00:41:39.360 [info] > git rev-parse --show-toplevel [1ms]
2024-01-25 00:41:39.372 [info] > git rev-parse --show-toplevel [2ms]
2024-01-25 00:41:39.384 [info] > git rev-parse --show-toplevel [1ms]
2024-01-25 00:41:39.397 [info] > git rev-parse --show-toplevel [1ms]
2024-01-25 00:41:39.408 [info] > git rev-parse --show-toplevel [1ms]
2024-01-25 00:41:39.420 [info] > git rev-parse --show-toplevel [2ms]
2024-01-25 00:41:39.432 [info] > git rev-parse --show-toplevel [2ms]
2024-01-25 00:41:39.443 [info] > git rev-parse --show-toplevel [2ms]
2024-01-25 00:41:39.455 [info] > git rev-parse --show-toplevel [2ms]
2024-01-25 00:41:39.466 [info] > git rev-parse --show-toplevel [2ms]
2024-01-25 00:41:39.477 [info] > git rev-parse --show-toplevel [2ms]
2024-01-25 00:41:39.490 [info] > git rev-parse --show-toplevel [1ms]
2024-01-25 00:41:39.504 [info] > git rev-parse --show-toplevel [2ms]
2024-01-25 00:41:39.519 [info] > git rev-parse --show-toplevel [2ms]
2024-01-25 00:41:39.537 [info] > git rev-parse --show-toplevel [7ms]
2024-01-25 00:41:39.555 [info] > git rev-parse --show-toplevel [3ms]
2024-01-25 00:41:39.572 [info] > git rev-parse --show-toplevel [2ms]
2024-01-25 00:41:39.591 [info] > git rev-parse --show-toplevel [2ms]
2024-01-25 00:41:39.608 [info] > git rev-parse --show-toplevel [2ms]
2024-01-25 00:41:39.626 [info] > git rev-parse --show-toplevel [2ms]
2024-01-25 00:41:39.645 [info] > git rev-parse --show-toplevel [5ms]
2024-01-25 00:41:39.665 [info] > git rev-parse --show-toplevel [2ms]
2024-01-25 00:41:39.692 [info] > git rev-parse --show-toplevel [5ms]
2024-01-25 00:41:39.708 [info] > git rev-parse --show-toplevel [2ms]
2024-01-25 00:41:39.726 [info] > git rev-parse --show-toplevel [1ms]
2024-01-25 00:41:39.746 [info] > git rev-parse --show-toplevel [2ms]
2024-01-25 00:41:39.764 [info] > git rev-parse --show-toplevel [1ms]
2024-01-25 00:41:39.788 [info] > git rev-parse --show-toplevel [4ms]
2024-01-25 00:41:39.808 [info] > git rev-parse --show-toplevel [1ms]
2024-01-25 00:41:39.821 [info] > git rev-parse --show-toplevel [2ms]
2024-01-25 00:41:39.833 [info] > git rev-parse --show-toplevel [1ms]
2024-01-25 00:41:39.847 [info] > git rev-parse --show-toplevel [1ms]
2024-01-25 00:41:39.862 [info] > git rev-parse --show-toplevel [1ms]
2024-01-25 00:41:39.877 [info] > git rev-parse --show-toplevel [2ms]
2024-01-25 00:41:39.891 [info] > git rev-parse --show-toplevel [2ms]
2024-01-25 00:41:39.905 [info] > git rev-parse --show-toplevel [4ms]
2024-01-25 00:41:39.917 [info] > git rev-parse --show-toplevel [2ms]
2024-01-25 00:41:39.932 [info] > git rev-parse --show-toplevel [2ms]
2024-01-25 00:41:39.948 [info] > git rev-parse --show-toplevel [2ms]
2024-01-25 00:41:39.970 [info] > git rev-parse --show-toplevel [4ms]
2024-01-25 00:41:39.995 [info] > git rev-parse --show-toplevel [2ms]
2024-01-25 00:41:40.016 [info] > git rev-parse --show-toplevel [1ms]
2024-01-25 00:41:40.032 [info] > git rev-parse --show-toplevel [1ms]
2024-01-25 00:41:40.050 [info] > git rev-parse --show-toplevel [3ms]
2024-01-25 00:41:40.067 [info] > git rev-parse --show-toplevel [2ms]
2024-01-25 00:41:40.083 [info] > git rev-parse --show-toplevel [2ms]
2024-01-25 00:41:40.101 [info] > git rev-parse --show-toplevel [0ms]
2024-01-25 00:41:40.119 [info] > git rev-parse --show-toplevel [2ms]
2024-01-25 00:41:40.136 [info] > git rev-parse --show-toplevel [1ms]
2024-01-25 00:41:40.151 [info] > git rev-parse --show-toplevel [3ms]
2024-01-25 00:41:40.167 [info] > git rev-parse --show-toplevel [2ms]
2024-01-25 00:41:40.189 [info] > git rev-parse --show-toplevel [3ms]
2024-01-25 00:41:40.205 [info] > git rev-parse --show-toplevel [4ms]
2024-01-25 00:41:40.222 [info] > git rev-parse --show-toplevel [4ms]
2024-01-25 00:41:40.238 [info] > git rev-parse --show-toplevel [4ms]
2024-01-25 00:41:40.255 [info] > git rev-parse --show-toplevel [4ms]
2024-01-25 00:41:40.268 [info] > git rev-parse --show-toplevel [2ms]
2024-01-25 00:41:40.286 [info] > git rev-parse --show-toplevel [4ms]
2024-01-25 00:41:40.300 [info] > git rev-parse --show-toplevel [2ms]
2024-01-25 00:41:40.312 [info] > git rev-parse --show-toplevel [2ms]
2024-01-25 00:41:40.328 [info] > git rev-parse --show-toplevel [1ms]
2024-01-25 00:41:40.343 [info] > git rev-parse --show-toplevel [1ms]
2024-01-25 00:41:40.364 [info] > git rev-parse --show-toplevel [2ms]
2024-01-25 00:41:40.378 [info] > git rev-parse --show-toplevel [1ms]
2024-01-25 00:41:40.395 [info] > git rev-parse --show-toplevel [2ms]
2024-01-25 00:41:40.405 [info] > git rev-parse --show-toplevel [1ms]
2024-01-25 00:41:40.420 [info] > git rev-parse --show-toplevel [2ms]
2024-01-25 00:41:40.432 [info] > git rev-parse --show-toplevel [2ms]
2024-01-25 00:41:40.446 [info] > git rev-parse --show-toplevel [2ms]
2024-01-25 00:41:40.457 [info] > git rev-parse --show-toplevel [2ms]
2024-01-25 00:41:40.467 [info] > git rev-parse --show-toplevel [1ms]
2024-01-25 00:41:40.477 [info] > git rev-parse --show-toplevel [1ms]
2024-01-25 00:41:40.490 [info] > git rev-parse --show-toplevel [1ms]
2024-01-25 00:41:40.501 [info] > git rev-parse --show-toplevel [1ms]
2024-01-25 00:41:40.512 [info] > git rev-parse --show-toplevel [2ms]
2024-01-25 00:41:40.523 [info] > git rev-parse --show-toplevel [1ms]
2024-01-25 00:41:40.535 [info] > git rev-parse --show-toplevel [1ms]
2024-01-25 00:41:40.546 [info] > git rev-parse --show-toplevel [2ms]
2024-01-25 00:41:40.560 [info] > git rev-parse --show-toplevel [2ms]
2024-01-25 00:41:40.575 [info] > git rev-parse --show-toplevel [1ms]
2024-01-25 00:41:40.590 [info] > git rev-parse --show-toplevel [3ms]
2024-01-25 00:41:40.601 [info] > git rev-parse --show-toplevel [1ms]
2024-01-25 00:41:40.611 [info] > git rev-parse --show-toplevel [2ms]
2024-01-25 00:41:40.624 [info] > git rev-parse --show-toplevel [2ms]
2024-01-25 00:41:40.638 [info] > git rev-parse --show-toplevel [2ms]
2024-01-25 00:41:40.656 [info] > git rev-parse --show-toplevel [6ms]
2024-01-25 00:41:40.671 [info] > git rev-parse --show-toplevel [1ms]
2024-01-25 00:41:40.685 [info] > git rev-parse --show-toplevel [2ms]
2024-01-25 00:41:40.701 [info] > git rev-parse --show-toplevel [2ms]
2024-01-25 00:41:40.718 [info] > git rev-parse --show-toplevel [1ms]
2024-01-25 00:41:40.735 [info] > git rev-parse --show-toplevel [2ms]
2024-01-25 00:41:40.749 [info] > git rev-parse --show-toplevel [2ms]
2024-01-25 00:41:40.767 [info] > git rev-parse --show-toplevel [2ms]
2024-01-25 00:41:40.782 [info] > git rev-parse --show-toplevel [3ms]
2024-01-25 00:41:40.792 [info] > git rev-parse --show-toplevel [2ms]
2024-01-25 00:41:40.804 [info] > git rev-parse --show-toplevel [1ms]
2024-01-25 00:41:40.815 [info] > git rev-parse --show-toplevel [1ms]
2024-01-25 00:41:40.825 [info] > git rev-parse --show-toplevel [1ms]
2024-01-25 00:41:40.836 [info] > git rev-parse --show-toplevel [1ms]
2024-01-25 00:41:40.846 [info] > git rev-parse --show-toplevel [2ms]
2024-01-25 00:41:40.857 [info] > git rev-parse --show-toplevel [1ms]
2024-01-25 00:41:40.867 [info] > git rev-parse --show-toplevel [1ms]
2024-01-25 00:41:40.877 [info] > git rev-parse --show-toplevel [2ms]
2024-01-25 00:41:40.889 [info] > git rev-parse --show-toplevel [1ms]
2024-01-25 00:41:40.900 [info] > git rev-parse --show-toplevel [3ms]
2024-01-25 00:41:40.912 [info] > git rev-parse --show-toplevel [2ms]
2024-01-25 00:41:40.925 [info] > git rev-parse --show-toplevel [1ms]
2024-01-25 00:41:40.939 [info] > git rev-parse --show-toplevel [1ms]
2024-01-25 00:41:40.953 [info] > git rev-parse --show-toplevel [2ms]
2024-01-25 00:41:40.971 [info] > git rev-parse --show-toplevel [4ms]
2024-01-25 00:41:40.991 [info] > git rev-parse --show-toplevel [3ms]
2024-01-25 00:41:41.013 [info] > git rev-parse --show-toplevel [2ms]
2024-01-25 00:41:41.029 [info] > git rev-parse --show-toplevel [2ms]
2024-01-25 00:41:41.046 [info] > git rev-parse --show-toplevel [2ms]
2024-01-25 00:41:41.056 [info] > git rev-parse --show-toplevel [1ms]
2024-01-25 00:41:41.067 [info] > git rev-parse --show-toplevel [2ms]
2024-01-25 00:41:41.077 [info] > git rev-parse --show-toplevel [1ms]
2024-01-25 00:41:41.090 [info] > git rev-parse --show-toplevel [2ms]
2024-01-25 00:41:41.102 [info] > git rev-parse --show-toplevel [2ms]
2024-01-25 00:41:41.113 [info] > git rev-parse --show-toplevel [2ms]
2024-01-25 00:41:41.125 [info] > git rev-parse --show-toplevel [1ms]
2024-01-25 00:41:41.138 [info] > git rev-parse --show-toplevel [2ms]
2024-01-25 00:41:41.150 [info] > git rev-parse --show-toplevel [2ms]
2024-01-25 00:41:41.161 [info] > git rev-parse --show-toplevel [2ms]
2024-01-25 00:41:41.171 [info] > git rev-parse --show-toplevel [1ms]
2024-01-25 00:41:41.182 [info] > git rev-parse --show-toplevel [2ms]
2024-01-25 00:41:41.192 [info] > git rev-parse --show-toplevel [1ms]
2024-01-25 00:41:41.206 [info] > git rev-parse --show-toplevel [1ms]
2024-01-25 00:41:41.223 [info] > git rev-parse --show-toplevel [3ms]
2024-01-25 00:41:41.246 [info] > git rev-parse --show-toplevel [2ms]
2024-01-25 00:41:41.263 [info] > git rev-parse --show-toplevel [3ms]
2024-01-25 00:41:41.281 [info] > git rev-parse --show-toplevel [5ms]
2024-01-25 00:41:41.298 [info] > git rev-parse --show-toplevel [2ms]
2024-01-25 00:41:41.317 [info] > git rev-parse --show-toplevel [1ms]
2024-01-25 00:41:41.330 [info] > git rev-parse --show-toplevel [1ms]
2024-01-25 00:41:41.345 [info] > git rev-parse --show-toplevel [1ms]
2024-01-25 00:41:41.364 [info] > git rev-parse --show-toplevel [6ms]
2024-01-25 00:41:41.378 [info] > git rev-parse --show-toplevel [2ms]
2024-01-25 00:41:41.389 [info] > git rev-parse --show-toplevel [1ms]
2024-01-25 00:41:41.410 [info] > git rev-parse --show-toplevel [10ms]
2024-01-25 00:41:41.426 [info] > git rev-parse --show-toplevel [2ms]
2024-01-25 00:41:41.440 [info] > git rev-parse --show-toplevel [2ms]
2024-01-25 00:41:41.450 [info] > git rev-parse --show-toplevel [1ms]
2024-01-25 00:41:41.460 [info] > git rev-parse --show-toplevel [1ms]
2024-01-25 00:41:41.471 [info] > git rev-parse --show-toplevel [1ms]
2024-01-25 00:41:41.480 [info] > git rev-parse --show-toplevel [1ms]
2024-01-25 00:41:41.492 [info] > git rev-parse --show-toplevel [2ms]
2024-01-25 00:41:41.503 [info] > git rev-parse --show-toplevel [1ms]
2024-01-25 00:41:41.518 [info] > git rev-parse --show-toplevel [2ms]
2024-01-25 00:41:41.532 [info] > git rev-parse --show-toplevel [2ms]
2024-01-25 00:41:41.551 [info] > git rev-parse --show-toplevel [6ms]
2024-01-25 00:41:41.573 [info] > git rev-parse --show-toplevel [7ms]
2024-01-25 00:41:41.587 [info] > git rev-parse --show-toplevel [3ms]
2024-01-25 00:41:41.599 [info] > git rev-parse --show-toplevel [3ms]
2024-01-25 00:41:41.611 [info] > git rev-parse --show-toplevel [2ms]
2024-01-25 00:41:41.624 [info] > git rev-parse --show-toplevel [2ms]
2024-01-25 00:41:41.634 [info] > git rev-parse --show-toplevel [2ms]
2024-01-25 00:41:41.643 [info] > git rev-parse --show-toplevel [1ms]
2024-01-25 00:41:41.655 [info] > git rev-parse --show-toplevel [2ms]
2024-01-25 00:41:41.665 [info] > git rev-parse --show-toplevel [2ms]
2024-01-25 00:41:41.676 [info] > git rev-parse --show-toplevel [2ms]
2024-01-25 00:41:41.687 [info] > git rev-parse --show-toplevel [2ms]
2024-01-25 00:41:41.698 [info] > git rev-parse --show-toplevel [2ms]
2024-01-25 00:41:41.709 [info] > git rev-parse --show-toplevel [1ms]
2024-01-25 00:41:41.721 [info] > git rev-parse --show-toplevel [1ms]
2024-01-25 00:41:41.735 [info] > git rev-parse --show-toplevel [1ms]
2024-01-25 00:41:41.750 [info] > git rev-parse --show-toplevel [2ms]
2024-01-25 00:41:41.767 [info] > git rev-parse --show-toplevel [4ms]
2024-01-25 00:41:41.780 [info] > git rev-parse --show-toplevel [2ms]
2024-01-25 00:41:41.795 [info] > git rev-parse --show-toplevel [3ms]
2024-01-25 00:41:41.811 [info] > git rev-parse --show-toplevel [1ms]
2024-01-25 00:41:41.834 [info] > git rev-parse --show-toplevel [3ms]
2024-01-25 00:41:41.858 [info] > git rev-parse --show-toplevel [2ms]
2024-01-25 00:41:41.874 [info] > git rev-parse --show-toplevel [2ms]
2024-01-25 00:41:41.890 [info] > git rev-parse --show-toplevel [1ms]
2024-01-25 00:41:41.904 [info] > git rev-parse --show-toplevel [6ms]
2024-01-25 00:41:41.916 [info] > git rev-parse --show-toplevel [3ms]
2024-01-25 00:41:41.929 [info] > git rev-parse --show-toplevel [1ms]
2024-01-25 00:41:41.942 [info] > git rev-parse --show-toplevel [2ms]
2024-01-25 00:41:41.959 [info] > git rev-parse --show-toplevel [1ms]
2024-01-25 00:41:41.971 [info] > git rev-parse --show-toplevel [1ms]
2024-01-25 00:41:41.983 [info] > git rev-parse --show-toplevel [2ms]
2024-01-25 00:41:41.993 [info] > git rev-parse --show-toplevel [2ms]
2024-01-25 00:41:42.006 [info] > git rev-parse --show-toplevel [1ms]
2024-01-25 00:41:42.017 [info] > git rev-parse --show-toplevel [2ms]
2024-01-25 00:41:42.028 [info] > git rev-parse --show-toplevel [2ms]
2024-01-25 00:41:42.038 [info] > git rev-parse --show-toplevel [1ms]
2024-01-25 00:41:42.050 [info] > git rev-parse --show-toplevel [2ms]
2024-01-25 00:41:42.061 [info] > git rev-parse --show-toplevel [2ms]
2024-01-25 00:41:42.073 [info] > git rev-parse --show-toplevel [2ms]
2024-01-25 00:41:42.087 [info] > git rev-parse --show-toplevel [1ms]
2024-01-25 00:41:42.105 [info] > git rev-parse --show-toplevel [4ms]
2024-01-25 00:41:42.120 [info] > git rev-parse --show-toplevel [2ms]
2024-01-25 00:41:42.139 [info] > git rev-parse --show-toplevel [2ms]
2024-01-25 00:41:42.157 [info] > git rev-parse --show-toplevel [3ms]
2024-01-25 00:41:42.177 [info] > git rev-parse --show-toplevel [2ms]
2024-01-25 00:41:42.192 [info] > git rev-parse --show-toplevel [2ms]
2024-01-25 00:41:42.212 [info] > git rev-parse --show-toplevel [2ms]
2024-01-25 00:41:42.228 [info] > git rev-parse --show-toplevel [1ms]
2024-01-25 00:41:42.240 [info] > git rev-parse --show-toplevel [1ms]
2024-01-25 00:41:42.253 [info] > git rev-parse --show-toplevel [2ms]
2024-01-25 00:41:42.263 [info] > git rev-parse --show-toplevel [2ms]
2024-01-25 00:41:42.274 [info] > git rev-parse --show-toplevel [1ms]
2024-01-25 00:41:42.287 [info] > git rev-parse --show-toplevel [3ms]
2024-01-25 00:41:42.298 [info] > git rev-parse --show-toplevel [2ms]
2024-01-25 00:41:42.310 [info] > git rev-parse --show-toplevel [1ms]
2024-01-25 00:41:42.323 [info] > git rev-parse --show-toplevel [1ms]
2024-01-25 00:41:42.336 [info] > git rev-parse --show-toplevel [1ms]
2024-01-25 00:41:42.346 [info] > git rev-parse --show-toplevel [2ms]
2024-01-25 00:41:42.356 [info] > git rev-parse --show-toplevel [1ms]
2024-01-25 00:41:42.369 [info] > git rev-parse --show-toplevel [2ms]
2024-01-25 00:41:42.380 [info] > git rev-parse --show-toplevel [1ms]
2024-01-25 00:41:42.396 [info] > git rev-parse --show-toplevel [5ms]
2024-01-25 00:41:42.417 [info] > git rev-parse --show-toplevel [3ms]
2024-01-25 00:41:42.429 [info] > git rev-parse --show-toplevel [2ms]
2024-01-25 00:41:42.440 [info] > git rev-parse --show-toplevel [1ms]
2024-01-25 00:41:42.452 [info] > git rev-parse --show-toplevel [1ms]
2024-01-25 00:41:53.496 [info] > git rev-parse --show-toplevel [3ms]
2024-01-25 00:42:38.097 [info] > git rev-parse --show-toplevel [13ms]
2024-01-25 00:43:47.842 [info] > git rev-parse --show-toplevel [3ms]
2024-01-25 00:46:07.439 [info] > git rev-parse --show-toplevel [3ms]
2024-01-25 00:46:17.652 [info] > git rev-parse --show-toplevel [201ms]
2024-01-25 00:46:17.963 [info] > git rev-parse --show-toplevel [4ms]
2024-01-28 20:12:37.242 [info] > git rev-parse --show-toplevel [2ms]
2024-01-28 21:35:33.315 [info] > git rev-parse --show-toplevel [7ms]
2024-01-28 21:36:10.946 [info] > git rev-parse --show-toplevel [2ms]
2024-01-28 21:36:17.890 [info] > git rev-parse --show-toplevel [8ms]
2024-01-28 21:36:39.885 [info] > git rev-parse --show-toplevel [2ms]
2024-01-28 21:36:47.729 [info] > git rev-parse --show-toplevel [4ms]
2024-01-28 21:37:05.922 [info] > git rev-parse --show-toplevel [3ms]
2024-01-28 21:38:19.035 [info] > git rev-parse --show-toplevel [13ms]
2024-01-28 21:38:44.733 [info] > git rev-parse --show-toplevel [5ms]
2024-01-28 21:38:52.804 [info] > git rev-parse --show-toplevel [10ms]
2024-01-28 21:39:41.671 [info] > git rev-parse --show-toplevel [7ms]
2024-01-28 21:39:49.965 [info] > git rev-parse --show-toplevel [9ms]
2024-01-28 21:39:56.106 [info] > git rev-parse --show-toplevel [3ms]
2024-01-28 21:42:18.073 [info] > git rev-parse --show-toplevel [3ms]
2024-01-28 21:42:36.779 [info] > git rev-parse --show-toplevel [7ms]
2024-01-28 21:42:40.627 [info] > git rev-parse --show-toplevel [18ms]
2024-01-28 21:42:55.097 [info] > git rev-parse --show-toplevel [6ms]
2024-01-28 21:43:08.130 [info] > git rev-parse --show-toplevel [13ms]
2024-01-28 21:43:08.861 [info] > git rev-parse --show-toplevel [42ms]
2024-01-28 21:43:21.985 [info] > git rev-parse --show-toplevel [16ms]
2024-01-28 21:43:25.543 [info] > git rev-parse --show-toplevel [14ms]
2024-01-28 21:45:42.490 [info] > git rev-parse --show-toplevel [3ms]
2024-01-28 21:46:20.205 [info] > git rev-parse --show-toplevel [18ms]
2024-01-28 22:57:55.930 [info] > git rev-parse --show-toplevel [18ms]
2024-01-28 22:59:21.070 [info] > git rev-parse --show-toplevel [12ms]
2024-01-28 22:59:27.613 [info] > git rev-parse --show-toplevel [5ms]
2024-01-28 22:59:37.492 [info] > git rev-parse --show-toplevel [9ms]
2024-01-28 23:00:57.765 [info] > git rev-parse --show-toplevel [4ms]
2024-01-28 23:00:58.882 [info] > git rev-parse --show-toplevel [4ms]
2024-01-28 23:01:01.476 [info] > git rev-parse --show-toplevel [4ms]
2024-01-28 23:01:07.882 [info] > git rev-parse --show-toplevel [4ms]
2024-01-28 23:01:09.896 [info] > git rev-parse --show-toplevel [11ms]
2024-01-28 23:01:16.862 [info] > git rev-parse --show-toplevel [6ms]
2024-01-28 23:01:17.456 [info] > git rev-parse --show-toplevel [4ms]
2024-01-28 23:01:34.833 [info] > git rev-parse --show-toplevel [3ms]
2024-01-28 23:07:07.172 [info] > git rev-parse --show-toplevel [6ms]
2024-01-28 23:07:11.133 [info] > git rev-parse --show-toplevel [12ms]
2024-01-28 23:08:59.698 [info] > git rev-parse --show-toplevel [2ms]
2024-01-28 23:09:00.321 [info] > git rev-parse --show-toplevel [4ms]
2024-01-28 23:09:03.755 [info] > git rev-parse --show-toplevel [3ms]
2024-01-28 23:25:26.680 [info] > git rev-parse --show-toplevel [30ms]
2024-01-28 23:25:48.550 [info] > git rev-parse --show-toplevel [34ms]
2024-01-28 23:26:03.835 [info] > git rev-parse --show-toplevel [15ms]
2024-01-28 23:26:14.966 [info] > git rev-parse --show-toplevel [14ms]
2024-01-28 23:26:55.257 [info] > git rev-parse --show-toplevel [2ms]
2024-01-28 23:27:08.708 [info] > git rev-parse --show-toplevel [3ms]
2024-01-28 23:27:12.802 [info] > git rev-parse --show-toplevel [3ms]
2024-01-28 23:27:13.445 [info] > git rev-parse --show-toplevel [3ms]
2024-01-28 23:27:20.152 [info] > git rev-parse --show-toplevel [2ms]
2024-01-28 23:27:22.727 [info] > git rev-parse --show-toplevel [2ms]
2024-01-28 23:27:42.800 [info] > git rev-parse --show-toplevel [3ms]
2024-01-28 23:27:43.517 [info] > git rev-parse --show-toplevel [5ms]
2024-01-28 23:27:55.630 [info] > git rev-parse --show-toplevel [3ms]
2024-01-28 23:28:01.434 [info] > git rev-parse --show-toplevel [3ms]
2024-01-28 23:28:02.169 [info] > git rev-parse --show-toplevel [3ms]
2024-01-28 23:28:03.474 [info] > git rev-parse --show-toplevel [13ms]
2024-01-28 23:28:04.051 [info] > git rev-parse --show-toplevel [3ms]
2024-01-28 23:28:05.061 [info] > git rev-parse --show-toplevel [5ms]
2024-01-28 23:30:41.593 [info] > git rev-parse --show-toplevel [10ms]
2024-01-28 23:30:42.061 [info] > git rev-parse --show-toplevel [7ms]
2024-01-28 23:30:51.184 [info] > git rev-parse --show-toplevel [80ms]
2024-01-28 23:30:52.453 [info] > git rev-parse --show-toplevel [5ms]
2024-01-28 23:31:27.825 [info] > git rev-parse --show-toplevel [2ms]
2024-01-28 23:31:32.720 [info] > git rev-parse --show-toplevel [3ms]
2024-01-28 23:31:43.195 [info] > git rev-parse --show-toplevel [7ms]
2024-01-28 23:31:46.459 [info] > git rev-parse --show-toplevel [2ms]
2024-01-28 23:31:56.050 [info] > git rev-parse --show-toplevel [1ms]
2024-01-28 23:31:59.292 [info] > git rev-parse --show-toplevel [2ms]
2024-01-28 23:32:03.215 [info] > git rev-parse --show-toplevel [9ms]
2024-01-28 23:32:38.803 [info] > git rev-parse --show-toplevel [2ms]
2024-01-28 23:36:31.757 [info] > git rev-parse --show-toplevel [9ms]
2024-01-28 23:36:40.897 [info] > git rev-parse --show-toplevel [2ms]
2024-01-28 23:39:39.667 [info] > git rev-parse --show-toplevel [3ms]
2024-01-28 23:42:24.502 [info] > git rev-parse --show-toplevel [6ms]
2024-01-28 23:42:24.535 [info] > git rev-parse --git-dir --git-common-dir [2ms]
2024-01-28 23:42:24.688 [info] Open repository: /home/luan/odoo
2024-01-28 23:42:25.026 [info] > git config --get commit.template [137ms]
2024-01-28 23:42:25.071 [info] > git for-each-ref --format=%(refname)%00%(upstream:short)%00%(objectname)%00%(upstream:track)%00%(upstream:remotename)%00%(upstream:remoteref) refs/heads/17.0 refs/remotes/17.0 [129ms]
2024-01-28 23:42:26.337 [info] > git show --textconv :addons/sale/models/sale_order.py [393ms]
2024-01-28 23:42:26.390 [info] > git ls-files --stage -- /home/luan/odoo/addons/sale/models/sale_order.py [140ms]
2024-01-28 23:42:26.635 [info] > git check-ignore -v -z --stdin [965ms]
2024-01-28 23:42:26.644 [info] > git cat-file -s 2b287589424e8892b23355113f4d7dfec636b6af [80ms]
2024-01-28 23:42:27.296 [info] > git status -z -uall [2034ms]
2024-01-28 23:42:27.450 [info] > git for-each-ref --format=%(refname)%00%(upstream:short)%00%(objectname)%00%(upstream:track)%00%(upstream:remotename)%00%(upstream:remoteref) refs/heads/17.0 refs/remotes/17.0 [31ms]
2024-01-28 23:42:27.451 [info] > git config --get commit.template [73ms]
2024-01-28 23:42:27.866 [info] > git merge-base refs/heads/17.0 refs/remotes/origin/17.0 [380ms]
2024-01-28 23:42:28.318 [info] > git rev-list --count --left-right refs/heads/17.0...refs/remotes/origin/17.0 [401ms]
2024-01-28 23:42:28.985 [info] > git status -z -uall [565ms]
2024-01-28 23:42:29.666 [info] > git check-ignore -v -z --stdin [166ms]
2024-01-28 23:42:30.310 [info] > git check-ignore -v -z --stdin [40ms]
2024-01-28 23:42:40.807 [info] > git clean -f -q -- /home/luan/odoo/backup (1).sql:Zone.Identifier [50ms]
2024-01-28 23:42:41.482 [info] > git checkout -q [563ms]
2024-01-28 23:42:41.590 [info] > git config --get commit.template [21ms]
2024-01-28 23:42:41.684 [info] > git for-each-ref --format=%(refname)%00%(upstream:short)%00%(objectname)%00%(upstream:track)%00%(upstream:remotename)%00%(upstream:remoteref) refs/heads/17.0 refs/remotes/17.0 [2ms]
2024-01-28 23:42:42.487 [info] > git status -z -uall [677ms]
2024-01-28 23:42:43.378 [info] > git ls-files --stage -- /home/luan/odoo/addons/sale/models/sale_order.py [22ms]
2024-01-28 23:42:43.436 [info] > git cat-file -s 2b287589424e8892b23355113f4d7dfec636b6af [28ms]
2024-01-28 23:42:43.469 [info] > git check-ignore -v -z --stdin [34ms]
2024-01-28 23:42:43.478 [info] > git show --textconv :addons/sale/models/sale_order.py [15ms]
2024-01-28 23:42:43.919 [info] > git show --textconv HEAD:TransportSecurity [36ms]
2024-01-28 23:42:43.926 [info] > git ls-tree -l HEAD -- /home/luan/odoo/TransportSecurity [8ms]
2024-01-28 23:42:44.502 [info] > git check-ignore -v -z --stdin [32ms]
2024-01-28 23:42:47.304 [info] > git config --get commit.template [718ms]
2024-01-28 23:42:47.542 [info] > git for-each-ref --format=%(refname)%00%(upstream:short)%00%(objectname)%00%(upstream:track)%00%(upstream:remotename)%00%(upstream:remoteref) refs/heads/17.0 refs/remotes/17.0 [132ms]
2024-01-28 23:42:48.330 [info] > git status -z -uall [686ms]
2024-01-28 23:42:50.294 [info] > git ls-tree -l HEAD -- /home/luan/odoo/TransportSecurity [14ms]
2024-01-28 23:42:50.357 [info] > git checkout -q -- /home/luan/odoo/TransportSecurity [170ms]
2024-01-28 23:42:50.458 [info] > git config --get commit.template [3ms]
2024-01-28 23:42:50.622 [info] > git for-each-ref --format=%(refname)%00%(upstream:short)%00%(objectname)%00%(upstream:track)%00%(upstream:remotename)%00%(upstream:remoteref) refs/heads/17.0 refs/remotes/17.0 [2ms]
2024-01-28 23:42:51.667 [info] > git status -z -uall [919ms]
2024-01-28 23:42:52.800 [info] > git show --textconv HEAD:addons/loquei/__manifest__.py [45ms]
2024-01-28 23:42:52.816 [info] > git ls-tree -l HEAD -- /home/luan/odoo/addons/loquei/__manifest__.py [17ms]
2024-01-28 23:42:53.500 [info] > git check-ignore -v -z --stdin [98ms]
2024-01-28 23:42:53.502 [info] > git config --get commit.template [21ms]
2024-01-28 23:42:53.632 [info] > git for-each-ref --format=%(refname)%00%(upstream:short)%00%(objectname)%00%(upstream:track)%00%(upstream:remotename)%00%(upstream:remoteref) refs/heads/17.0 refs/remotes/17.0 [2ms]
2024-01-28 23:42:54.302 [info] > git status -z -uall [582ms]
2024-01-28 23:42:57.457 [info] > git show --textconv HEAD:addons/loquei/models/__init__.py [42ms]
2024-01-28 23:42:57.467 [info] > git ls-tree -l HEAD -- /home/luan/odoo/addons/loquei/models/__init__.py [13ms]
2024-01-28 23:42:58.085 [info] > git check-ignore -v -z --stdin [94ms]
2024-01-28 23:42:59.269 [info] > git show --textconv HEAD:addons/loquei/models/rental_order.py [39ms]
2024-01-28 23:42:59.271 [info] > git ls-tree -l HEAD -- /home/luan/odoo/addons/loquei/models/rental_order.py [3ms]
2024-01-28 23:42:59.369 [info] > git config --get commit.template [2ms]
2024-01-28 23:42:59.456 [info] > git for-each-ref --format=%(refname)%00%(upstream:short)%00%(objectname)%00%(upstream:track)%00%(upstream:remotename)%00%(upstream:remoteref) refs/heads/17.0 refs/remotes/17.0 [38ms]
2024-01-28 23:42:59.938 [info] > git status -z -uall [458ms]
2024-01-28 23:43:01.368 [info] > git check-ignore -v -z --stdin [50ms]
2024-01-28 23:43:05.028 [info] > git config --get commit.template [3ms]
2024-01-28 23:43:05.152 [info] > git for-each-ref --format=%(refname)%00%(upstream:short)%00%(objectname)%00%(upstream:track)%00%(upstream:remotename)%00%(upstream:remoteref) refs/heads/17.0 refs/remotes/17.0 [2ms]
2024-01-28 23:43:05.573 [info] > git status -z -uall [389ms]
2024-01-28 23:43:07.679 [info] > git show --textconv HEAD:addons/loquei/models/rental_product.py [37ms]
2024-01-28 23:43:07.693 [info] > git ls-tree -l HEAD -- /home/luan/odoo/addons/loquei/models/rental_product.py [15ms]
2024-01-28 23:43:10.352 [info] > git show --textconv HEAD:addons/loquei/models/stock_move.py [27ms]
2024-01-28 23:43:10.360 [info] > git ls-tree -l HEAD -- /home/luan/odoo/addons/loquei/models/stock_move.py [10ms]
2024-01-28 23:43:11.005 [info] > git config --get commit.template [4ms]
2024-01-28 23:43:11.102 [info] > git for-each-ref --format=%(refname)%00%(upstream:short)%00%(objectname)%00%(upstream:track)%00%(upstream:remotename)%00%(upstream:remoteref) refs/heads/17.0 refs/remotes/17.0 [28ms]
2024-01-28 23:43:11.687 [info] > git show --textconv HEAD:addons/loquei/models/rental_product.py [78ms]
2024-01-28 23:43:11.699 [info] > git status -z -uall [494ms]
2024-01-28 23:43:11.714 [info] > git ls-tree -l HEAD -- /home/luan/odoo/addons/loquei/models/rental_product.py [28ms]
2024-01-28 23:43:13.504 [info] > git show --textconv HEAD:addons/loquei/models/stock_move.py [34ms]
2024-01-28 23:43:13.506 [info] > git ls-tree -l HEAD -- /home/luan/odoo/addons/loquei/models/stock_move.py [6ms]
2024-01-28 23:43:16.454 [info] > git show --textconv HEAD:addons/loquei/views/cleaning_time.xml [35ms]
2024-01-28 23:43:16.459 [info] > git ls-tree -l HEAD -- /home/luan/odoo/addons/loquei/views/cleaning_time.xml [7ms]
2024-01-28 23:43:16.904 [info] > git config --get commit.template [86ms]
2024-01-28 23:43:16.905 [info] > git for-each-ref --format=%(refname)%00%(upstream:short)%00%(objectname)%00%(upstream:track)%00%(upstream:remotename)%00%(upstream:remoteref) refs/heads/17.0 refs/remotes/17.0 [3ms]
2024-01-28 23:43:17.117 [info] > git check-ignore -v -z --stdin [17ms]
2024-01-28 23:43:17.428 [info] > git status -z -uall [459ms]
2024-01-28 23:43:18.147 [info] > git show --textconv HEAD:addons/sale/models/sale_order.py [28ms]
2024-01-28 23:43:18.150 [info] > git ls-tree -l HEAD -- /home/luan/odoo/addons/sale/models/sale_order.py [5ms]
2024-01-28 23:43:22.464 [info] > git config --get commit.template [2ms]
2024-01-28 23:43:22.485 [info] > git for-each-ref --format=%(refname)%00%(upstream:short)%00%(objectname)%00%(upstream:track)%00%(upstream:remotename)%00%(upstream:remoteref) refs/heads/17.0 refs/remotes/17.0 [1ms]
2024-01-28 23:43:22.870 [info] > git status -z -uall [365ms]
2024-01-28 23:43:31.901 [info] > git config --get commit.template [2ms]
2024-01-28 23:43:31.926 [info] > git for-each-ref --format=%(refname)%00%(upstream:short)%00%(objectname)%00%(upstream:track)%00%(upstream:remotename)%00%(upstream:remoteref) refs/heads/17.0 refs/remotes/17.0 [3ms]
2024-01-28 23:43:32.347 [info] > git status -z -uall [387ms]
2024-01-28 23:43:33.425 [info] > git show --textconv HEAD:addons/sale/views/sale_order_views.xml [79ms]
2024-01-28 23:43:33.427 [info] > git ls-tree -l HEAD -- /home/luan/odoo/addons/sale/views/sale_order_views.xml [10ms]
2024-01-28 23:43:33.973 [info] > git check-ignore -v -z --stdin [15ms]
2024-01-28 23:43:37.426 [info] > git config --get commit.template [30ms]
2024-01-28 23:43:37.427 [info] > git for-each-ref --format=%(refname)%00%(upstream:short)%00%(objectname)%00%(upstream:track)%00%(upstream:remotename)%00%(upstream:remoteref) refs/heads/17.0 refs/remotes/17.0 [2ms]
2024-01-28 23:43:37.840 [info] > git status -z -uall [361ms]
2024-01-28 23:43:37.863 [info] > git check-ignore -v -z --stdin [30ms]
2024-01-28 23:43:38.530 [info] > git check-ignore -v -z --stdin [52ms]
2024-01-28 23:43:40.424 [info] > git check-ignore -v -z --stdin [39ms]
2024-01-28 23:43:41.613 [info] > git check-ignore -v -z --stdin [37ms]
2024-01-28 23:43:45.440 [info] > git config --get commit.template [13ms]
2024-01-28 23:43:45.480 [info] > git for-each-ref --format=%(refname)%00%(upstream:short)%00%(objectname)%00%(upstream:track)%00%(upstream:remotename)%00%(upstream:remoteref) refs/heads/17.0 refs/remotes/17.0 [7ms]
2024-01-28 23:43:45.896 [info] > git status -z -uall [374ms]
2024-01-28 23:43:46.624 [info] > git show --textconv :addons/sale/models/sale_order.py [78ms]
2024-01-28 23:43:46.671 [info] > git ls-files --stage -- /home/luan/odoo/addons/sale/models/sale_order.py [49ms]
2024-01-28 23:43:46.767 [info] > git cat-file -s 2b287589424e8892b23355113f4d7dfec636b6af [8ms]
2024-01-28 23:43:55.591 [info] > git config --get commit.template [4ms]
2024-01-28 23:43:55.639 [info] > git for-each-ref --format=%(refname)%00%(upstream:short)%00%(objectname)%00%(upstream:track)%00%(upstream:remotename)%00%(upstream:remoteref) refs/heads/17.0 refs/remotes/17.0 [8ms]
2024-01-28 23:43:56.079 [info] > git status -z -uall [407ms]
2024-01-28 23:43:59.225 [info] > git show --textconv :addons/loquei/__manifest__.py [38ms]
2024-01-28 23:43:59.251 [info] > git ls-files --stage -- /home/luan/odoo/addons/loquei/__manifest__.py [27ms]
2024-01-28 23:43:59.275 [info] > git cat-file -s d748c3a65288efa7e7d9fe99dcc4d456ea0e15d4 [5ms]
2024-01-28 23:44:01.133 [info] > git config --get commit.template [3ms]
2024-01-28 23:44:01.176 [info] > git for-each-ref --format=%(refname)%00%(upstream:short)%00%(objectname)%00%(upstream:track)%00%(upstream:remotename)%00%(upstream:remoteref) refs/heads/17.0 refs/remotes/17.0 [3ms]
2024-01-28 23:44:01.605 [info] > git show --textconv :addons/loquei/models/rental_product.py [90ms]
2024-01-28 23:44:01.683 [info] > git ls-files --stage -- /home/luan/odoo/addons/loquei/models/rental_product.py [110ms]
2024-01-28 23:44:01.887 [info] > git cat-file -s e6429ad1fbf531c532e8b72aa6221f184fa03334 [30ms]
2024-01-28 23:44:02.195 [info] > git status -z -uall [995ms]
2024-01-28 23:44:05.382 [info] > git show --textconv :addons/loquei/models/cleaning_time.py [21ms]
2024-01-28 23:44:05.390 [info] > git ls-files --stage -- /home/luan/odoo/addons/loquei/models/cleaning_time.py [9ms]
2024-01-28 23:44:05.409 [info] > git cat-file -s e69de29bb2d1d6434b8b29ae775ad8c2e48c5391 [2ms]
2024-01-28 23:44:06.314 [info] > git show --textconv :addons/loquei/models/__init__.py [23ms]
2024-01-28 23:44:06.342 [info] > git ls-files --stage -- /home/luan/odoo/addons/loquei/models/__init__.py [29ms]
2024-01-28 23:44:06.379 [info] > git cat-file -s 802a2ac1ab6f11460949534342d6c1ca63f1f87d [4ms]
2024-01-28 23:44:07.201 [info] > git show --textconv :addons/loquei/models/stock_move.py [45ms]
2024-01-28 23:44:07.226 [info] > git ls-files --stage -- /home/luan/odoo/addons/loquei/models/stock_move.py [26ms]
2024-01-28 23:44:09.321 [info] > git show --textconv :addons/loquei/models/rental_order.py [42ms]
2024-01-28 23:44:09.340 [info] > git ls-files --stage -- /home/luan/odoo/addons/loquei/models/rental_order.py [19ms]
2024-01-28 23:44:09.365 [info] > git cat-file -s acde773df3ce3226a4311189409ef76ce9b17198 [4ms]
2024-01-28 23:44:12.703 [info] > git config --get commit.template [22ms]
2024-01-28 23:44:12.711 [info] > git for-each-ref --format=%(refname)%00%(upstream:short)%00%(objectname)%00%(upstream:track)%00%(upstream:remotename)%00%(upstream:remoteref) refs/heads/17.0 refs/remotes/17.0 [10ms]
2024-01-28 23:44:13.086 [info] > git status -z -uall [344ms]
2024-01-28 23:44:18.175 [info] > git config --get commit.template [23ms]
2024-01-28 23:44:18.177 [info] > git for-each-ref --format=%(refname)%00%(upstream:short)%00%(objectname)%00%(upstream:track)%00%(upstream:remotename)%00%(upstream:remoteref) refs/heads/17.0 refs/remotes/17.0 [3ms]
2024-01-28 23:44:18.484 [info] > git status -z -uall [289ms]
2024-01-28 23:44:19.353 [info] > git check-ignore -v -z --stdin [27ms]
2024-01-28 23:48:32.728 [info] > git config --get commit.template [15ms]
2024-01-28 23:48:32.729 [info] > git for-each-ref --format=%(refname)%00%(upstream:short)%00%(objectname)%00%(upstream:track)%00%(upstream:remotename)%00%(upstream:remoteref) refs/heads/17.0 refs/remotes/17.0 [2ms]
2024-01-28 23:48:32.904 [info] > git status -z -uall [159ms]
2024-01-28 23:48:37.957 [info] > git config --get commit.template [3ms]
2024-01-28 23:48:38.013 [info] > git for-each-ref --format=%(refname)%00%(upstream:short)%00%(objectname)%00%(upstream:track)%00%(upstream:remotename)%00%(upstream:remoteref) refs/heads/17.0 refs/remotes/17.0 [3ms]
2024-01-28 23:48:38.065 [info] > git show --textconv :addons/loquei/views/cleaning_time.xml [28ms]
2024-01-28 23:48:38.087 [info] > git ls-files --stage -- /home/luan/odoo/addons/loquei/views/cleaning_time.xml [24ms]
2024-01-28 23:48:38.134 [info] > git cat-file -s e69de29bb2d1d6434b8b29ae775ad8c2e48c5391 [23ms]
2024-01-28 23:48:38.271 [info] > git status -z -uall [185ms]
2024-01-28 23:48:43.299 [info] > git config --get commit.template [2ms]
2024-01-28 23:48:43.315 [info] > git for-each-ref --format=%(refname)%00%(upstream:short)%00%(objectname)%00%(upstream:track)%00%(upstream:remotename)%00%(upstream:remoteref) refs/heads/17.0 refs/remotes/17.0 [2ms]
2024-01-28 23:48:43.489 [info] > git status -z -uall [158ms]
2024-01-28 23:48:48.529 [info] > git config --get commit.template [17ms]
2024-01-28 23:48:48.530 [info] > git for-each-ref --format=%(refname)%00%(upstream:short)%00%(objectname)%00%(upstream:track)%00%(upstream:remotename)%00%(upstream:remoteref) refs/heads/17.0 refs/remotes/17.0 [2ms]
2024-01-28 23:48:48.704 [info] > git status -z -uall [158ms]
2024-01-28 23:48:53.743 [info] > git config --get commit.template [15ms]
2024-01-28 23:48:53.744 [info] > git for-each-ref --format=%(refname)%00%(upstream:short)%00%(objectname)%00%(upstream:track)%00%(upstream:remotename)%00%(upstream:remoteref) refs/heads/17.0 refs/remotes/17.0 [2ms]
2024-01-28 23:48:53.907 [info] > git status -z -uall [149ms]
2024-01-28 23:48:59.688 [info] > git config --get commit.template [18ms]
2024-01-28 23:48:59.690 [info] > git for-each-ref --format=%(refname)%00%(upstream:short)%00%(objectname)%00%(upstream:track)%00%(upstream:remotename)%00%(upstream:remoteref) refs/heads/17.0 refs/remotes/17.0 [2ms]
2024-01-28 23:48:59.894 [info] > git status -z -uall [189ms]
2024-01-28 23:49:16.940 [info] > git config --get commit.template [15ms]
2024-01-28 23:49:16.942 [info] > git for-each-ref --format=%(refname)%00%(upstream:short)%00%(objectname)%00%(upstream:track)%00%(upstream:remotename)%00%(upstream:remoteref) refs/heads/17.0 refs/remotes/17.0 [2ms]
2024-01-28 23:49:17.128 [info] > git status -z -uall [171ms]
2024-01-28 23:49:44.593 [info] > git show --textconv :addons/loquei/models/rental_order.py [48ms]
2024-01-28 23:49:44.614 [info] > git ls-files --stage -- /home/luan/odoo/addons/loquei/models/rental_order.py [24ms]
2024-01-28 23:49:44.662 [info] > git cat-file -s acde773df3ce3226a4311189409ef76ce9b17198 [9ms]
2024-01-28 23:50:07.193 [info] > git config --get commit.template [4ms]
2024-01-28 23:50:07.232 [info] > git for-each-ref --format=%(refname)%00%(upstream:short)%00%(objectname)%00%(upstream:track)%00%(upstream:remotename)%00%(upstream:remoteref) refs/heads/17.0 refs/remotes/17.0 [12ms]
2024-01-28 23:50:07.500 [info] > git status -z -uall [220ms]
2024-01-28 23:50:08.233 [info] > git check-ignore -v -z --stdin [21ms]
2024-01-28 23:50:08.731 [info] > git show --textconv :addons/sale/views/sale_order_views.xml [30ms]
2024-01-28 23:50:08.739 [info] > git ls-files --stage -- /home/luan/odoo/addons/sale/views/sale_order_views.xml [9ms]
2024-01-28 23:50:08.760 [info] > git cat-file -s 12371a3c9ebded95f6600ebc091de5e3901b8046 [6ms]
2024-01-28 23:50:12.544 [info] > git config --get commit.template [20ms]
2024-01-28 23:50:12.545 [info] > git for-each-ref --format=%(refname)%00%(upstream:short)%00%(objectname)%00%(upstream:track)%00%(upstream:remotename)%00%(upstream:remoteref) refs/heads/17.0 refs/remotes/17.0 [2ms]
2024-01-28 23:50:12.751 [info] > git status -z -uall [188ms]
2024-01-28 23:50:22.309 [info] > git config --get commit.template [2ms]
2024-01-28 23:50:22.329 [info] > git for-each-ref --format=%(refname)%00%(upstream:short)%00%(objectname)%00%(upstream:track)%00%(upstream:remotename)%00%(upstream:remoteref) refs/heads/17.0 refs/remotes/17.0 [2ms]
2024-01-28 23:50:22.534 [info] > git status -z -uall [185ms]
2024-01-28 23:50:23.369 [info] > git show --textconv :addons/loquei/views/cleaning_time.xml [18ms]
2024-01-28 23:50:23.378 [info] > git ls-files --stage -- /home/luan/odoo/addons/loquei/views/cleaning_time.xml [10ms]
2024-01-28 23:50:23.394 [info] > git cat-file -s e69de29bb2d1d6434b8b29ae775ad8c2e48c5391 [2ms]
2024-01-28 23:50:31.184 [info] > git show --textconv :addons/loquei/models/__init__.py [21ms]
2024-01-28 23:50:31.196 [info] > git ls-files --stage -- /home/luan/odoo/addons/loquei/models/__init__.py [13ms]
2024-01-28 23:50:31.215 [info] > git cat-file -s 802a2ac1ab6f11460949534342d6c1ca63f1f87d [3ms]
2024-01-28 23:50:32.992 [info] > git config --get commit.template [20ms]
2024-01-28 23:50:32.993 [info] > git for-each-ref --format=%(refname)%00%(upstream:short)%00%(objectname)%00%(upstream:track)%00%(upstream:remotename)%00%(upstream:remoteref) refs/heads/17.0 refs/remotes/17.0 [2ms]
2024-01-28 23:50:33.183 [info] > git status -z -uall [171ms]
2024-01-28 23:50:35.450 [info] > git check-ignore -v -z --stdin [55ms]
2024-01-28 23:50:36.695 [info] > git show --textconv :addons/loquei/__manifest__.py [17ms]
2024-01-28 23:50:36.700 [info] > git ls-files --stage -- /home/luan/odoo/addons/loquei/__manifest__.py [5ms]
2024-01-28 23:50:36.713 [info] > git cat-file -s d748c3a65288efa7e7d9fe99dcc4d456ea0e15d4 [2ms]
2024-01-28 23:50:37.702 [info] > git show --textconv :addons/loquei/__init__.py [26ms]
2024-01-28 23:50:37.714 [info] > git ls-files --stage -- /home/luan/odoo/addons/loquei/__init__.py [14ms]
2024-01-28 23:50:37.774 [info] > git cat-file -s 0650744f6bc69b9f0b865e8c7174c813a5f5995e [8ms]
2024-01-28 23:50:38.230 [info] > git config --get commit.template [18ms]
2024-01-28 23:50:38.231 [info] > git for-each-ref --format=%(refname)%00%(upstream:short)%00%(objectname)%00%(upstream:track)%00%(upstream:remotename)%00%(upstream:remoteref) refs/heads/17.0 refs/remotes/17.0 [2ms]
2024-01-28 23:50:38.367 [info] > git show --textconv :addons/loquei/__manifest__.py [22ms]
2024-01-28 23:50:38.378 [info] > git ls-files --stage -- /home/luan/odoo/addons/loquei/__manifest__.py [12ms]
2024-01-28 23:50:38.402 [info] > git cat-file -s d748c3a65288efa7e7d9fe99dcc4d456ea0e15d4 [2ms]
2024-01-28 23:50:38.478 [info] > git status -z -uall [225ms]
2024-01-28 23:50:45.159 [info] > git config --get commit.template [16ms]
2024-01-28 23:50:45.160 [info] > git for-each-ref --format=%(refname)%00%(upstream:short)%00%(objectname)%00%(upstream:track)%00%(upstream:remotename)%00%(upstream:remoteref) refs/heads/17.0 refs/remotes/17.0 [1ms]
2024-01-28 23:50:45.372 [info] > git status -z -uall [195ms]
2024-01-28 23:50:45.984 [info] > git show --textconv :addons/loquei/models/cleaning_time.py [29ms]
2024-01-28 23:50:45.991 [info] > git ls-files --stage -- /home/luan/odoo/addons/loquei/models/cleaning_time.py [8ms]
2024-01-28 23:50:46.011 [info] > git cat-file -s e69de29bb2d1d6434b8b29ae775ad8c2e48c5391 [2ms]
2024-01-28 23:50:47.792 [info] > git show --textconv :addons/loquei/models/__init__.py [18ms]
2024-01-28 23:50:47.808 [info] > git ls-files --stage -- /home/luan/odoo/addons/loquei/models/__init__.py [17ms]
2024-01-28 23:50:47.825 [info] > git cat-file -s 802a2ac1ab6f11460949534342d6c1ca63f1f87d [1ms]
2024-01-28 23:50:48.912 [info] > git show --textconv :addons/loquei/models/cleaning_time.py [19ms]
2024-01-28 23:50:48.919 [info] > git ls-files --stage -- /home/luan/odoo/addons/loquei/models/cleaning_time.py [8ms]
2024-01-28 23:50:48.934 [info] > git cat-file -s e69de29bb2d1d6434b8b29ae775ad8c2e48c5391 [2ms]
2024-01-28 23:50:49.310 [info] > git show --textconv :addons/loquei/__manifest__.py [62ms]
2024-01-28 23:50:49.317 [info] > git ls-files --stage -- /home/luan/odoo/addons/loquei/__manifest__.py [11ms]
2024-01-28 23:50:49.335 [info] > git cat-file -s d748c3a65288efa7e7d9fe99dcc4d456ea0e15d4 [4ms]
2024-01-28 23:50:50.264 [info] > git show --textconv :addons/loquei/__init__.py [20ms]
2024-01-28 23:50:50.274 [info] > git ls-files --stage -- /home/luan/odoo/addons/loquei/__init__.py [11ms]
2024-01-28 23:50:50.302 [info] > git cat-file -s 0650744f6bc69b9f0b865e8c7174c813a5f5995e [6ms]
2024-01-28 23:50:50.394 [info] > git config --get commit.template [2ms]
2024-01-28 23:50:50.409 [info] > git for-each-ref --format=%(refname)%00%(upstream:short)%00%(objectname)%00%(upstream:track)%00%(upstream:remotename)%00%(upstream:remoteref) refs/heads/17.0 refs/remotes/17.0 [2ms]
2024-01-28 23:50:50.587 [info] > git status -z -uall [162ms]
2024-01-28 23:50:51.341 [info] > git show --textconv :addons/loquei/views/cleaning_time.xml [17ms]
2024-01-28 23:50:51.348 [info] > git ls-files --stage -- /home/luan/odoo/addons/loquei/views/cleaning_time.xml [8ms]
2024-01-28 23:50:51.370 [info] > git cat-file -s e69de29bb2d1d6434b8b29ae775ad8c2e48c5391 [7ms]
2024-01-28 23:50:52.637 [info] > git show --textconv :addons/sale/views/sale_order_views.xml [41ms]
2024-01-28 23:50:52.656 [info] > git ls-files --stage -- /home/luan/odoo/addons/sale/views/sale_order_views.xml [21ms]
2024-01-28 23:50:52.674 [info] > git cat-file -s 12371a3c9ebded95f6600ebc091de5e3901b8046 [2ms]
2024-01-28 23:50:53.000 [info] > git check-ignore -v -z --stdin [44ms]
2024-01-28 23:50:54.574 [info] > git show --textconv :addons/loquei/models/rental_order.py [20ms]
2024-01-28 23:50:54.581 [info] > git ls-files --stage -- /home/luan/odoo/addons/loquei/models/rental_order.py [8ms]
2024-01-28 23:50:54.596 [info] > git cat-file -s acde773df3ce3226a4311189409ef76ce9b17198 [1ms]
2024-01-28 23:50:54.962 [info] > git check-ignore -v -z --stdin [26ms]
2024-01-28 23:50:55.637 [info] > git config --get commit.template [24ms]
2024-01-28 23:50:55.639 [info] > git for-each-ref --format=%(refname)%00%(upstream:short)%00%(objectname)%00%(upstream:track)%00%(upstream:remotename)%00%(upstream:remoteref) refs/heads/17.0 refs/remotes/17.0 [3ms]
2024-01-28 23:50:55.862 [info] > git status -z -uall [203ms]
2024-01-28 23:51:00.905 [info] > git config --get commit.template [16ms]
2024-01-28 23:51:00.906 [info] > git for-each-ref --format=%(refname)%00%(upstream:short)%00%(objectname)%00%(upstream:track)%00%(upstream:remotename)%00%(upstream:remoteref) refs/heads/17.0 refs/remotes/17.0 [2ms]
2024-01-28 23:51:01.078 [info] > git status -z -uall [155ms]
2024-01-29 19:31:56.906 [info] > git config --get commit.template [117ms]
2024-01-29 19:31:57.305 [info] > git for-each-ref --format=%(refname)%00%(upstream:short)%00%(objectname)%00%(upstream:track)%00%(upstream:remotename)%00%(upstream:remoteref) refs/heads/17.0 refs/remotes/17.0 [444ms]
2024-01-29 19:32:05.006 [info] > git status -z -uall [7684ms]
2024-01-29 19:32:10.312 [info] > git config --get commit.template [1ms]
2024-01-29 19:32:10.339 [info] > git for-each-ref --format=%(refname)%00%(upstream:short)%00%(objectname)%00%(upstream:track)%00%(upstream:remotename)%00%(upstream:remoteref) refs/heads/17.0 refs/remotes/17.0 [1ms]
2024-01-29 19:32:10.578 [info] > git status -z -uall [220ms]
2024-01-29 19:32:11.754 [info] > git check-ignore -v -z --stdin [60ms]
2024-01-29 19:32:13.860 [info] > git check-ignore -v -z --stdin [17ms]
2024-01-29 19:32:15.620 [info] > git config --get commit.template [17ms]
2024-01-29 19:32:15.622 [info] > git for-each-ref --format=%(refname)%00%(upstream:short)%00%(objectname)%00%(upstream:track)%00%(upstream:remotename)%00%(upstream:remoteref) refs/heads/17.0 refs/remotes/17.0 [3ms]
2024-01-29 19:32:15.812 [info] > git check-ignore -v -z --stdin [23ms]
2024-01-29 19:32:15.850 [info] > git status -z -uall [211ms]
2024-01-29 19:32:25.576 [info] > git config --get commit.template [2ms]
2024-01-29 19:32:25.604 [info] > git for-each-ref --format=%(refname)%00%(upstream:short)%00%(objectname)%00%(upstream:track)%00%(upstream:remotename)%00%(upstream:remoteref) refs/heads/17.0 refs/remotes/17.0 [1ms]
2024-01-29 19:32:25.791 [info] > git status -z -uall [170ms]
