2024-02-01 10:55:02.409 [info] Experiment 'pythonRecommendTensorboardExt' is active
2024-02-01 10:55:02.409 [info] Experiment 'pythonREPLSmartSend' is active
2024-02-01 10:55:02.409 [info] Experiment 'pythonSurveyNotification' is active
2024-02-01 10:55:02.409 [info] Experiment 'pythonTerminalEnvVarActivation' is active
2024-02-01 10:55:02.409 [info] Experiment 'pythonTestAdapter' is active
2024-02-01 10:55:02.409 [error] Dir "/home/luan/odoo/addons" is not watchable (too many files)
2024-02-01 10:55:02.530 [info] Default formatter is set to null for workspace /home/luan/odoo/addons
2024-02-01 10:55:02.555 [info] Test server listening.
2024-02-01 10:55:02.557 [info] Python interpreter path: /bin/python
2024-02-01 10:55:05.210 [info] Send text to terminal: echo /usr/bin/bash
2024-02-01 10:55:08.234 [info] Shell integration is not working for bash
2024-02-01 10:55:08.237 [warning] Shell integration is not active, environment activated maybe overriden by the shell.
2024-02-01 10:55:09.552 [info] Starting Pylance language server.
2024-02-01 10:56:57.984 [info] Discover tests for workspace name: addons - uri: /home/luan/odoo/addons/sale/models/sale_order_line.py
2024-02-01 11:15:41.166 [info] Discover tests for workspace name: addons - uri: /home/luan/odoo/addons/sale/models/sale_order_line.py
2024-02-01 11:15:43.718 [info] Discover tests for workspace name: addons - uri: /home/luan/odoo/addons/sale/models/sale_order_line.py
2024-02-01 11:15:58.272 [info] Discover tests for workspace name: addons - uri: /home/luan/odoo/addons/sale/models/sale_order_line.py
2024-02-01 11:16:11.259 [info] Discover tests for workspace name: addons - uri: /home/luan/odoo/addons/sale/models/sale_order_line.py
2024-02-01 11:19:14.282 [info] Discover tests for workspace name: addons - uri: /home/luan/odoo/addons/sale/models/sale_order_line.py
2024-02-01 11:19:31.583 [info] Discover tests for workspace name: addons - uri: /home/luan/odoo/addons/sale/models/sale_order_line.py
2024-02-01 11:40:41.196 [info] Discover tests for workspace name: addons - uri: /home/luan/odoo/addons/sale/models/sale_order_line.py
2024-02-01 11:40:47.963 [info] Discover tests for workspace name: addons - uri: /home/luan/odoo/addons/sale/models/sale_order_line.py
2024-02-01 11:40:49.660 [info] Discover tests for workspace name: addons - uri: /home/luan/odoo/addons/sale/models/sale_order_line.py
2024-02-01 11:40:51.829 [info] Discover tests for workspace name: addons - uri: /home/luan/odoo/addons/sale/models/sale_order_line.py
2024-02-01 11:40:52.976 [info] Discover tests for workspace name: addons - uri: /home/luan/odoo/addons/sale/models/sale_order_line.py
2024-02-01 11:54:30.913 [info] Discover tests for workspace name: addons - uri: /home/luan/odoo/addons/sale/models/sale_order.py
2024-02-01 11:54:33.246 [info] Discover tests for workspace name: addons - uri: /home/luan/odoo/addons/sale/models/sale_order.py
2024-02-01 11:54:41.602 [info] Discover tests for workspace name: addons - uri: /home/luan/odoo/addons/sale/models/sale_order.py
2024-02-01 11:55:01.142 [info] Discover tests for workspace name: addons - uri: /home/luan/odoo/addons/sale/models/sale_order.py
2024-02-01 11:55:05.326 [info] Discover tests for workspace name: addons - uri: /home/luan/odoo/addons/sale/models/sale_order.py
2024-02-01 11:55:06.489 [info] Discover tests for workspace name: addons - uri: /home/luan/odoo/addons/sale/models/sale_order.py
2024-02-01 11:56:35.273 [info] Discover tests for workspace name: addons - uri: /home/luan/odoo/addons/sale/models/sale_order.py
2024-02-01 11:56:44.841 [info] Discover tests for workspace name: addons - uri: /home/luan/odoo/addons/sale/models/sale_order.py
2024-02-01 11:56:48.712 [info] Discover tests for workspace name: addons - uri: /home/luan/odoo/addons/sale/models/sale_order.py
2024-02-01 12:21:45.527 [info] Discover tests for workspace name: addons - uri: /home/luan/odoo/addons/sale/models/sale_order.py
2024-02-01 12:21:58.441 [info] Discover tests for workspace name: addons - uri: /home/luan/odoo/addons/sale/models/sale_order.py
2024-02-01 12:22:02.548 [info] Discover tests for workspace name: addons - uri: /home/luan/odoo/addons/sale/models/sale_order.py
2024-02-01 12:22:40.298 [info] Discover tests for workspace name: addons - uri: /home/luan/odoo/addons/sale/models/sale_order.py
2024-02-01 12:22:45.064 [info] Discover tests for workspace name: addons - uri: /home/luan/odoo/addons/sale/models/sale_order.py
2024-02-01 12:29:35.340 [info] Discover tests for workspace name: addons - uri: /home/luan/odoo/addons/sale/models/sale_order.py
2024-02-01 12:29:37.755 [info] Discover tests for workspace name: addons - uri: /home/luan/odoo/addons/sale/models/sale_order.py
2024-02-01 12:29:43.506 [info] Discover tests for workspace name: addons - uri: /home/luan/odoo/addons/sale/models/sale_order.py
2024-02-01 13:01:44.119 [info] Discover tests for workspace name: addons - uri: /home/luan/odoo/addons/sale/models/sale_order.py
2024-02-01 13:21:48.063 [info] Discover tests for workspace name: addons - uri: /home/luan/odoo/addons/sale/models/sale_order_line.py
2024-02-01 13:21:54.443 [info] Discover tests for workspace name: addons - uri: /home/luan/odoo/addons/sale/models/sale_order_line.py
2024-02-01 13:30:47.341 [info] Discover tests for workspace name: addons - uri: /home/luan/odoo/addons/sale/models/sale_order_line.py
2024-02-01 13:30:50.141 [info] Discover tests for workspace name: addons - uri: /home/luan/odoo/addons/sale/models/sale_order_line.py
2024-02-01 13:57:33.503 [info] Discover tests for workspace name: addons - uri: /home/luan/odoo/addons/sale/models/sale_order_line.py
2024-02-01 13:57:39.389 [info] Discover tests for workspace name: addons - uri: /home/luan/odoo/addons/sale/models/sale_order_line.py
2024-02-01 13:57:50.798 [info] Discover tests for workspace name: addons - uri: /home/luan/odoo/addons/sale/models/sale_order_line.py
2024-02-01 13:57:57.203 [info] Discover tests for workspace name: addons - uri: /home/luan/odoo/addons/sale/models/sale_order_line.py
2024-02-01 13:58:01.094 [info] Discover tests for workspace name: addons - uri: /home/luan/odoo/addons/sale/models/sale_order_line.py
2024-02-01 13:58:19.766 [info] Discover tests for workspace name: addons - uri: /home/luan/odoo/addons/sale/models/sale_order_line.py
2024-02-01 14:01:31.888 [info] Discover tests for workspace name: addons - uri: /home/luan/odoo/addons/sale/models/sale_order_line.py
2024-02-01 14:01:34.726 [info] Discover tests for workspace name: addons - uri: /home/luan/odoo/addons/sale/models/sale_order_line.py
2024-02-01 16:29:12.243 [info] Discover tests for workspace name: addons - uri: /home/luan/odoo/addons/sale/models/sale_order.py
2024-02-01 16:40:53.628 [info] Discover tests for workspace name: addons - uri: /home/luan/odoo/addons/sale/models/sale_order.py
2024-02-01 16:41:01.859 [info] Discover tests for workspace name: addons - uri: /home/luan/odoo/addons/sale/models/sale_order.py
2024-02-01 16:41:05.253 [info] Discover tests for workspace name: addons - uri: /home/luan/odoo/addons/sale/models/sale_order.py
2024-02-01 16:41:07.698 [info] Discover tests for workspace name: addons - uri: /home/luan/odoo/addons/sale/models/sale_order.py
2024-02-01 16:41:20.260 [info] Discover tests for workspace name: addons - uri: /home/luan/odoo/addons/sale/models/sale_order.py
2024-02-01 17:49:54.013 [info] Discover tests for workspace name: addons - uri: /home/luan/odoo/addons/loquei/models/stock_move.py
2024-02-01 17:49:58.680 [info] Discover tests for workspace name: addons - uri: /home/luan/odoo/addons/loquei/models/stock_move.py
2024-02-01 17:50:20.477 [info] Discover tests for workspace name: addons - uri: /home/luan/odoo/addons/loquei/models/stock_move.py
2024-02-01 17:50:22.454 [info] Discover tests for workspace name: addons - uri: /home/luan/odoo/addons/loquei/models/stock_move.py
2024-02-01 17:57:23.000 [info] Discover tests for workspace name: addons - uri: /home/luan/odoo/addons/loquei/models/stock_move.py
2024-02-01 17:58:15.864 [info] Discover tests for workspace name: addons - uri: /home/luan/odoo/addons/loquei/models/stock_move.py
2024-02-01 18:01:19.599 [info] Discover tests for workspace name: addons - uri: /home/luan/odoo/addons/loquei/models/stock_move.py
2024-02-01 18:01:24.281 [info] Discover tests for workspace name: addons - uri: /home/luan/odoo/addons/loquei/models/stock_move.py
2024-02-01 18:01:37.166 [info] Discover tests for workspace name: addons - uri: /home/luan/odoo/addons/loquei/models/stock_move.py
2024-02-01 18:01:42.093 [info] Discover tests for workspace name: addons - uri: /home/luan/odoo/addons/loquei/models/stock_move.py
2024-02-01 18:04:50.781 [info] Discover tests for workspace name: addons - uri: /home/luan/odoo/addons/loquei/models/stock_move.py
2024-02-01 18:05:41.917 [info] Discover tests for workspace name: addons - uri: /home/luan/odoo/addons/loquei/models/stock_move.py
2024-02-01 18:08:09.480 [info] Discover tests for workspace name: addons - uri: /home/luan/odoo/addons/loquei/models/stock_move.py
2024-02-01 18:13:39.117 [info] Discover tests for workspace name: addons - uri: /home/luan/odoo/addons/sale/models/sale_order.py
2024-02-01 18:13:41.419 [info] Discover tests for workspace name: addons - uri: /home/luan/odoo/addons/sale/models/sale_order.py
2024-02-01 18:13:42.879 [info] Discover tests for workspace name: addons - uri: /home/luan/odoo/addons/sale/models/sale_order.py
2024-02-01 18:18:08.052 [info] Discover tests for workspace name: addons - uri: /home/luan/odoo/addons/loquei/models/stock_move.py
2024-02-01 18:18:30.565 [info] Discover tests for workspace name: addons - uri: /home/luan/odoo/addons/loquei/models/stock_move.py
2024-02-01 18:18:38.976 [info] Discover tests for workspace name: addons - uri: /home/luan/odoo/addons/loquei/models/stock_move.py
2024-02-01 18:19:14.110 [info] Discover tests for workspace name: addons - uri: /home/luan/odoo/addons/stock/models/stock_move.py
2024-02-01 18:19:25.879 [info] Discover tests for workspace name: addons - uri: /home/luan/odoo/addons/stock/models/stock_move.py
2024-02-01 18:19:40.740 [info] Discover tests for workspace name: addons - uri: /home/luan/odoo/addons/stock/models/stock_move.py
2024-02-01 18:19:45.123 [info] Discover tests for workspace name: addons - uri: /home/luan/odoo/addons/stock/models/stock_move.py
2024-02-01 18:19:49.213 [info] Discover tests for workspace name: addons - uri: /home/luan/odoo/addons/stock/models/stock_move.py
2024-02-01 18:19:55.359 [info] Discover tests for workspace name: addons - uri: /home/luan/odoo/addons/stock/models/stock_move.py
2024-02-01 18:19:59.961 [info] Discover tests for workspace name: addons - uri: /home/luan/odoo/addons/stock/models/stock_move.py
2024-02-01 18:21:01.991 [info] Discover tests for workspace name: addons - uri: /home/luan/odoo/addons/stock/models/stock_move.py
2024-02-01 18:21:09.759 [info] Discover tests for workspace name: addons - uri: /home/luan/odoo/addons/stock/models/stock_move.py
2024-02-01 18:21:29.274 [info] Discover tests for workspace name: addons - uri: /home/luan/odoo/addons/stock/models/stock_move.py
2024-02-01 18:23:47.743 [info] Discover tests for workspace name: addons - uri: /home/luan/odoo/addons/stock/models/stock_move.py
2024-02-01 18:23:49.952 [info] Discover tests for workspace name: addons - uri: /home/luan/odoo/addons/stock/models/stock_move.py
2024-02-01 18:23:53.156 [info] Discover tests for workspace name: addons - uri: /home/luan/odoo/addons/stock/models/stock_move.py
2024-02-01 18:24:02.884 [info] Discover tests for workspace name: addons - uri: /home/luan/odoo/addons/stock/models/stock_move.py
2024-02-01 18:24:05.159 [info] Discover tests for workspace name: addons - uri: /home/luan/odoo/addons/stock/models/stock_move.py
2024-02-01 18:24:20.225 [info] Discover tests for workspace name: addons - uri: /home/luan/odoo/addons/stock/models/stock_move.py
2024-02-01 18:24:23.967 [info] Discover tests for workspace name: addons - uri: /home/luan/odoo/addons/stock/models/stock_move.py
2024-02-01 18:36:44.180 [info] Discover tests for workspace name: addons - uri: /home/luan/odoo/addons/stock/models/stock_move.py
2024-02-01 18:47:08.308 [info] Discover tests for workspace name: addons - uri: /home/luan/odoo/addons/stock/models/stock_move.py
2024-02-01 18:47:10.726 [info] Discover tests for workspace name: addons - uri: /home/luan/odoo/addons/stock/models/stock_move.py
2024-02-01 18:47:25.108 [info] Discover tests for workspace name: addons - uri: /home/luan/odoo/addons/stock/models/stock_move.py
2024-02-01 18:47:27.271 [info] Discover tests for workspace name: addons - uri: /home/luan/odoo/addons/stock/models/stock_move.py
2024-02-01 18:48:06.146 [info] Discover tests for workspace name: addons - uri: /home/luan/odoo/addons/stock/models/stock_move.py
2024-02-01 18:48:52.023 [info] Discover tests for workspace name: addons - uri: /home/luan/odoo/addons/stock/models/stock_move.py
2024-02-01 18:48:54.966 [info] Discover tests for workspace name: addons - uri: /home/luan/odoo/addons/stock/models/stock_move.py
2024-02-01 18:49:04.555 [info] Discover tests for workspace name: addons - uri: /home/luan/odoo/addons/stock/models/stock_move.py
2024-02-01 18:49:08.099 [info] Discover tests for workspace name: addons - uri: /home/luan/odoo/addons/stock/models/stock_move.py
2024-02-01 18:49:09.320 [info] Discover tests for workspace name: addons - uri: /home/luan/odoo/addons/stock/models/stock_move.py
2024-02-01 18:49:13.333 [info] Discover tests for workspace name: addons - uri: /home/luan/odoo/addons/stock/models/stock_move.py
2024-02-01 18:49:15.415 [info] Discover tests for workspace name: addons - uri: /home/luan/odoo/addons/stock/models/stock_move.py
2024-02-01 18:49:43.014 [info] Discover tests for workspace name: addons - uri: /home/luan/odoo/addons/stock/models/stock_move.py
2024-02-01 18:56:42.449 [info] Discover tests for workspace name: addons - uri: /home/luan/odoo/addons/stock/models/stock_move.py
2024-02-01 18:57:50.377 [info] Discover tests for workspace name: addons - uri: /home/luan/odoo/addons/stock/models/stock_move.py
2024-02-01 18:57:57.442 [info] Discover tests for workspace name: addons - uri: /home/luan/odoo/addons/stock/models/stock_move.py
2024-02-01 18:58:18.417 [info] Discover tests for workspace name: addons - uri: /home/luan/odoo/addons/stock/models/stock_move.py
2024-02-01 18:58:21.284 [info] Discover tests for workspace name: addons - uri: /home/luan/odoo/addons/stock/models/stock_move.py
2024-02-01 18:58:25.957 [info] Discover tests for workspace name: addons - uri: /home/luan/odoo/addons/stock/models/stock_move.py
2024-02-01 18:58:28.953 [info] Discover tests for workspace name: addons - uri: /home/luan/odoo/addons/stock/models/stock_move.py
2024-02-01 18:58:36.668 [info] Discover tests for workspace name: addons - uri: /home/luan/odoo/addons/stock/models/stock_move.py
2024-02-01 19:18:02.894 [info] Discover tests for workspace name: addons - uri: /home/luan/odoo/addons/stock/models/stock_move.py
2024-02-01 19:23:14.977 [info] Discover tests for workspace name: addons - uri: /home/luan/odoo/addons/stock/models/stock_move.py
2024-02-01 19:23:18.537 [info] Discover tests for workspace name: addons - uri: /home/luan/odoo/addons/stock/models/stock_move.py
2024-02-01 19:42:27.953 [info] Discover tests for workspace name: addons - uri: /home/luan/odoo/addons/sale/models/sale_order.py
2024-02-01 19:42:54.564 [info] Discover tests for workspace name: addons - uri: /home/luan/odoo/addons/sale/models/sale_order.py
2024-02-01 19:47:43.351 [info] Discover tests for workspace name: addons - uri: /home/luan/odoo/addons/sale/models/sale_order.py
2024-02-01 19:47:56.744 [info] Discover tests for workspace name: addons - uri: /home/luan/odoo/addons/sale/models/sale_order.py
2024-02-01 19:48:10.294 [info] Discover tests for workspace name: addons - uri: /home/luan/odoo/addons/sale/models/sale_order.py
2024-02-01 19:48:13.814 [info] Discover tests for workspace name: addons - uri: /home/luan/odoo/addons/sale/models/sale_order.py
2024-02-01 19:48:15.753 [info] Discover tests for workspace name: addons - uri: /home/luan/odoo/addons/sale/models/sale_order.py
2024-02-01 19:48:18.724 [info] Discover tests for workspace name: addons - uri: /home/luan/odoo/addons/sale/models/sale_order.py
2024-02-01 19:53:05.546 [info] Discover tests for workspace name: addons - uri: /home/luan/odoo/addons/sale/models/sale_order.py
2024-02-01 19:58:55.461 [info] Discover tests for workspace name: addons - uri: /home/luan/odoo/addons/purchase_stock/models/purchase_order_line.py
2024-02-01 20:03:08.185 [info] Discover tests for workspace name: addons - uri: /home/luan/odoo/addons/sale/models/sale_order.py
2024-02-01 20:03:12.015 [info] Discover tests for workspace name: addons - uri: /home/luan/odoo/addons/sale/models/sale_order.py
2024-02-01 20:03:17.334 [info] Discover tests for workspace name: addons - uri: /home/luan/odoo/addons/sale/models/sale_order.py
2024-02-01 20:03:24.356 [info] Discover tests for workspace name: addons - uri: /home/luan/odoo/addons/sale/models/sale_order.py
2024-02-01 20:04:32.205 [info] Discover tests for workspace name: addons - uri: /home/luan/odoo/addons/sale/models/sale_order.py
2024-02-01 20:04:53.763 [info] Discover tests for workspace name: addons - uri: /home/luan/odoo/addons/sale/models/sale_order.py
2024-02-01 20:08:46.075 [info] Discover tests for workspace name: addons - uri: /home/luan/odoo/addons/sale/models/sale_order.py
2024-02-01 20:13:58.386 [info] Discover tests for workspace name: addons - uri: /home/luan/odoo/addons/sale/models/sale_order.py
2024-02-01 20:25:19.596 [info] Discover tests for workspace name: addons - uri: /home/luan/odoo/addons/stock/wizard/product_replenish.py
2024-02-01 20:25:21.239 [info] Discover tests for workspace name: addons - uri: /home/luan/odoo/addons/stock/wizard/product_replenish.py
2024-02-01 20:25:24.004 [info] Discover tests for workspace name: addons - uri: /home/luan/odoo/addons/stock/wizard/product_replenish.py
2024-02-01 20:25:26.437 [info] Discover tests for workspace name: addons - uri: /home/luan/odoo/addons/stock/wizard/product_replenish.py
2024-02-01 20:25:28.280 [info] Discover tests for workspace name: addons - uri: /home/luan/odoo/addons/stock/wizard/product_replenish.py
2024-02-01 20:25:32.536 [info] Discover tests for workspace name: addons - uri: /home/luan/odoo/addons/stock/wizard/product_replenish.py
2024-02-01 20:25:44.464 [info] Discover tests for workspace name: addons - uri: /home/luan/odoo/addons/stock/wizard/product_replenish.py
2024-02-01 22:15:04.821 [info] Discover tests for workspace name: addons - uri: /home/luan/odoo/addons/sale/models/sale_order.py
2024-02-01 22:21:38.878 [info] Discover tests for workspace name: addons - uri: /home/luan/odoo/addons/sale/models/sale_order.py
2024-02-01 22:26:04.776 [info] Discover tests for workspace name: addons - uri: /home/luan/odoo/addons/sale/models/sale_order.py
2024-02-01 22:26:29.948 [info] Discover tests for workspace name: addons - uri: /home/luan/odoo/addons/sale/models/sale_order.py
2024-02-01 22:26:32.959 [info] Discover tests for workspace name: addons - uri: /home/luan/odoo/addons/sale/models/sale_order.py
2024-02-01 22:26:42.768 [info] Discover tests for workspace name: addons - uri: /home/luan/odoo/addons/sale/models/sale_order.py
2024-02-01 22:27:00.120 [info] Discover tests for workspace name: addons - uri: /home/luan/odoo/addons/sale/models/sale_order.py
2024-02-01 22:32:20.290 [info] Discover tests for workspace name: addons - uri: /home/luan/odoo/addons/sale/models/sale_order.py
2024-02-01 22:36:50.101 [info] Discover tests for workspace name: addons - uri: /home/luan/odoo/addons/sale/models/sale_order.py
2024-02-01 22:36:54.487 [info] Discover tests for workspace name: addons - uri: /home/luan/odoo/addons/sale/models/sale_order.py
2024-02-01 22:40:17.794 [info] Discover tests for workspace name: addons - uri: /home/luan/odoo/addons/sale/models/sale_order.py
2024-02-01 22:40:27.504 [info] Discover tests for workspace name: addons - uri: /home/luan/odoo/addons/sale/models/sale_order.py
2024-02-01 22:40:50.660 [info] Discover tests for workspace name: addons - uri: /home/luan/odoo/addons/sale/models/sale_order.py
2024-02-01 22:41:06.553 [info] Discover tests for workspace name: addons - uri: /home/luan/odoo/addons/sale/models/sale_order.py
2024-02-01 22:41:07.997 [info] Discover tests for workspace name: addons - uri: /home/luan/odoo/addons/sale/models/sale_order.py
2024-02-01 22:45:24.270 [info] Discover tests for workspace name: addons - uri: /home/luan/odoo/addons/sale/models/sale_order.py
2024-02-01 22:45:27.867 [info] Discover tests for workspace name: addons - uri: /home/luan/odoo/addons/sale/models/sale_order.py
2024-02-01 22:45:35.559 [info] Discover tests for workspace name: addons - uri: /home/luan/odoo/addons/sale/models/sale_order.py
2024-02-01 22:48:37.289 [info] Discover tests for workspace name: addons - uri: /home/luan/odoo/addons/sale/models/sale_order.py
2024-02-02 11:26:14.276 [info] Discover tests for workspace name: addons - uri: /home/luan/odoo/addons/purchase_stock/models/purchase_order_line.py
2024-02-02 11:27:43.515 [info] Discover tests for workspace name: addons - uri: /home/luan/odoo/addons/stock/models/stock_move.py
2024-02-02 11:27:48.725 [info] Discover tests for workspace name: addons - uri: /home/luan/odoo/addons/stock/models/stock_move.py
2024-02-02 11:27:53.404 [info] Discover tests for workspace name: addons - uri: /home/luan/odoo/addons/stock/models/stock_move.py
2024-02-02 11:27:56.395 [info] Discover tests for workspace name: addons - uri: /home/luan/odoo/addons/stock/models/stock_move.py
2024-02-02 11:35:35.265 [info] Discover tests for workspace name: addons - uri: /home/luan/odoo/addons/stock/wizard/product_replenish.py
2024-02-02 11:35:40.873 [info] Discover tests for workspace name: addons - uri: /home/luan/odoo/addons/stock/wizard/product_replenish.py
2024-02-02 11:35:43.692 [info] Discover tests for workspace name: addons - uri: /home/luan/odoo/addons/stock/wizard/product_replenish.py
2024-02-02 11:36:05.975 [info] Discover tests for workspace name: addons - uri: /home/luan/odoo/addons/stock/wizard/product_replenish.py
2024-02-02 11:36:15.652 [info] Discover tests for workspace name: addons - uri: /home/luan/odoo/addons/stock/wizard/product_replenish.py
2024-02-02 11:39:51.946 [info] Discover tests for workspace name: addons - uri: /home/luan/odoo/addons/stock/wizard/product_replenish.py
2024-02-02 11:45:19.421 [info] Discover tests for workspace name: addons - uri: /home/luan/odoo/addons/stock/wizard/product_replenish.py
2024-02-02 11:45:21.419 [info] Discover tests for workspace name: addons - uri: /home/luan/odoo/addons/stock/wizard/product_replenish.py
2024-02-02 11:57:24.697 [info] Discover tests for workspace name: addons - uri: /home/luan/odoo/addons/stock/wizard/product_replenish.py
2024-02-02 11:57:33.039 [info] Discover tests for workspace name: addons - uri: /home/luan/odoo/addons/stock/wizard/product_replenish.py
2024-02-02 12:00:30.186 [info] Discover tests for workspace name: addons - uri: /home/luan/odoo/addons/stock/wizard/product_replenish.py
2024-02-02 12:05:48.938 [info] Discover tests for workspace name: addons - uri: /home/luan/odoo/addons/stock/wizard/product_replenish.py
2024-02-02 12:05:59.632 [info] Discover tests for workspace name: addons - uri: /home/luan/odoo/addons/stock/wizard/product_replenish.py
2024-02-02 12:06:05.629 [info] Discover tests for workspace name: addons - uri: /home/luan/odoo/addons/stock/wizard/product_replenish.py
2024-02-02 12:06:11.743 [info] Discover tests for workspace name: addons - uri: /home/luan/odoo/addons/stock/wizard/product_replenish.py
2024-02-02 12:06:17.151 [info] Discover tests for workspace name: addons - uri: /home/luan/odoo/addons/stock/wizard/product_replenish.py
2024-02-02 12:06:21.687 [info] Discover tests for workspace name: addons - uri: /home/luan/odoo/addons/stock/wizard/product_replenish.py
2024-02-02 12:11:19.343 [info] Discover tests for workspace name: addons - uri: /home/luan/odoo/addons/stock/wizard/product_replenish.py
2024-02-02 12:11:24.581 [info] Discover tests for workspace name: addons - uri: /home/luan/odoo/addons/stock/wizard/product_replenish.py
2024-02-02 12:11:27.724 [info] Discover tests for workspace name: addons - uri: /home/luan/odoo/addons/stock/wizard/product_replenish.py
2024-02-02 12:14:59.208 [info] Discover tests for workspace name: addons - uri: /home/luan/odoo/addons/stock/wizard/product_replenish.py
2024-02-02 12:21:34.195 [info] Discover tests for workspace name: addons - uri: /home/luan/odoo/addons/sale_stock/models/sale_order.py
2024-02-02 12:21:38.092 [info] Discover tests for workspace name: addons - uri: /home/luan/odoo/addons/sale_stock/models/sale_order.py
2024-02-02 12:25:23.969 [info] Discover tests for workspace name: addons - uri: /home/luan/odoo/addons/sale_stock/models/sale_order_line.py
2024-02-02 12:26:52.267 [info] Discover tests for workspace name: addons - uri: /home/luan/odoo/addons/sale_stock/models/sale_order_line.py
2024-02-02 12:33:16.099 [info] Discover tests for workspace name: addons - uri: /home/luan/odoo/addons/sale_stock/models/sale_order_line.py
2024-02-02 12:37:38.886 [info] Discover tests for workspace name: addons - uri: /home/luan/odoo/addons/sale_stock/models/sale_order_line.py
2024-02-02 12:37:43.310 [info] Discover tests for workspace name: addons - uri: /home/luan/odoo/addons/sale_stock/models/sale_order_line.py
2024-02-02 12:37:45.558 [info] Discover tests for workspace name: addons - uri: /home/luan/odoo/addons/sale_stock/models/sale_order_line.py
2024-02-02 12:38:10.934 [info] Discover tests for workspace name: addons - uri: /home/luan/odoo/addons/sale_stock/models/sale_order_line.py
2024-02-02 12:38:20.190 [info] Discover tests for workspace name: addons - uri: /home/luan/odoo/addons/sale_stock/models/sale_order_line.py
2024-02-02 12:38:40.165 [info] Discover tests for workspace name: addons - uri: /home/luan/odoo/addons/sale_stock/models/sale_order_line.py
2024-02-02 12:38:42.263 [info] Discover tests for workspace name: addons - uri: /home/luan/odoo/addons/sale_stock/models/sale_order_line.py
2024-02-02 12:43:39.802 [info] Discover tests for workspace name: addons - uri: /home/luan/odoo/addons/sale_stock/models/sale_order_line.py
2024-02-02 12:43:41.429 [info] Discover tests for workspace name: addons - uri: /home/luan/odoo/addons/sale_stock/models/sale_order_line.py
2024-02-02 12:43:44.334 [info] Discover tests for workspace name: addons - uri: /home/luan/odoo/addons/sale_stock/models/sale_order_line.py
2024-02-02 12:43:52.086 [info] Discover tests for workspace name: addons - uri: /home/luan/odoo/addons/sale_stock/models/sale_order_line.py
2024-02-02 12:45:17.993 [info] Discover tests for workspace name: addons - uri: /home/luan/odoo/addons/sale_stock/models/sale_order_line.py
2024-02-02 12:50:22.706 [info] Discover tests for workspace name: addons - uri: /home/luan/odoo/addons/sale_stock/models/sale_order_line.py
2024-02-02 12:50:24.735 [info] Discover tests for workspace name: addons - uri: /home/luan/odoo/addons/sale_stock/models/sale_order_line.py
2024-02-02 12:50:26.953 [info] Discover tests for workspace name: addons - uri: /home/luan/odoo/addons/sale_stock/models/sale_order_line.py
2024-02-02 12:50:29.739 [info] Discover tests for workspace name: addons - uri: /home/luan/odoo/addons/sale_stock/models/sale_order_line.py
2024-02-02 12:50:34.409 [info] Discover tests for workspace name: addons - uri: /home/luan/odoo/addons/sale_stock/models/sale_order_line.py
2024-02-02 12:55:50.678 [info] Discover tests for workspace name: addons - uri: /home/luan/odoo/addons/sale_stock/models/sale_order_line.py
2024-02-02 12:55:56.340 [info] Discover tests for workspace name: addons - uri: /home/luan/odoo/addons/sale_stock/models/sale_order_line.py
2024-02-02 13:00:02.809 [info] Discover tests for workspace name: addons - uri: /home/luan/odoo/addons/sale_stock/models/sale_order_line.py
2024-02-02 13:00:14.693 [info] Discover tests for workspace name: addons - uri: /home/luan/odoo/addons/sale_stock/models/sale_order_line.py
2024-02-02 13:00:18.286 [info] Discover tests for workspace name: addons - uri: /home/luan/odoo/addons/sale_stock/models/sale_order_line.py
2024-02-02 13:00:21.919 [info] Discover tests for workspace name: addons - uri: /home/luan/odoo/addons/sale_stock/models/sale_order_line.py
2024-02-02 13:00:35.782 [info] Discover tests for workspace name: addons - uri: /home/luan/odoo/addons/sale_stock/models/sale_order_line.py
2024-02-02 13:00:38.723 [info] Discover tests for workspace name: addons - uri: /home/luan/odoo/addons/sale_stock/models/sale_order_line.py
2024-02-02 13:00:53.238 [info] Discover tests for workspace name: addons - uri: /home/luan/odoo/addons/sale_stock/models/sale_order_line.py
2024-02-02 13:05:48.006 [info] Discover tests for workspace name: addons - uri: /home/luan/odoo/addons/sale_stock/models/sale_order_line.py
2024-02-02 13:05:51.925 [info] Discover tests for workspace name: addons - uri: /home/luan/odoo/addons/sale_stock/models/sale_order_line.py
2024-02-02 13:05:53.030 [info] Discover tests for workspace name: addons - uri: /home/luan/odoo/addons/sale_stock/models/sale_order_line.py
2024-02-02 13:13:52.031 [info] Discover tests for workspace name: addons - uri: /home/luan/odoo/addons/sale_stock/models/sale_order_line.py
2024-02-02 13:13:53.609 [info] Discover tests for workspace name: addons - uri: /home/luan/odoo/addons/sale_stock/models/sale_order_line.py
2024-02-02 13:14:01.487 [info] Discover tests for workspace name: addons - uri: /home/luan/odoo/addons/sale_stock/models/sale_order_line.py
2024-02-02 13:17:29.382 [info] Discover tests for workspace name: addons - uri: /home/luan/odoo/addons/sale_stock/models/sale_order_line.py
2024-02-02 13:17:32.448 [info] Discover tests for workspace name: addons - uri: /home/luan/odoo/addons/sale_stock/models/sale_order_line.py
2024-02-02 13:17:33.834 [info] Discover tests for workspace name: addons - uri: /home/luan/odoo/addons/sale_stock/models/sale_order_line.py
2024-02-02 13:18:00.181 [info] Discover tests for workspace name: addons - uri: /home/luan/odoo/addons/sale_stock/models/sale_order_line.py
2024-02-02 13:18:02.917 [info] Discover tests for workspace name: addons - uri: /home/luan/odoo/addons/sale_stock/models/sale_order_line.py
2024-02-02 13:18:45.355 [info] Discover tests for workspace name: addons - uri: /home/luan/odoo/addons/sale_stock/models/sale_order_line.py
2024-02-02 13:18:48.555 [info] Discover tests for workspace name: addons - uri: /home/luan/odoo/addons/sale_stock/models/sale_order_line.py
2024-02-02 13:18:52.867 [info] Discover tests for workspace name: addons - uri: /home/luan/odoo/addons/sale_stock/models/sale_order_line.py
2024-02-02 13:18:54.608 [info] Discover tests for workspace name: addons - uri: /home/luan/odoo/addons/sale_stock/models/sale_order_line.py
2024-02-02 13:18:56.144 [info] Discover tests for workspace name: addons - uri: /home/luan/odoo/addons/sale_stock/models/sale_order_line.py
2024-02-02 13:19:14.944 [info] Discover tests for workspace name: addons - uri: /home/luan/odoo/addons/sale_stock/models/sale_order_line.py
2024-02-02 13:19:57.475 [info] Discover tests for workspace name: addons - uri: /home/luan/odoo/addons/sale_stock/models/sale_order_line.py
2024-02-02 13:23:21.466 [info] Discover tests for workspace name: addons - uri: /home/luan/odoo/addons/sale_stock/models/sale_order_line.py
2024-02-02 13:23:22.709 [info] Discover tests for workspace name: addons - uri: /home/luan/odoo/addons/sale_stock/models/sale_order_line.py
2024-02-02 13:23:39.150 [info] Discover tests for workspace name: addons - uri: /home/luan/odoo/addons/sale_stock/models/sale_order_line.py
2024-02-02 13:23:40.350 [info] Discover tests for workspace name: addons - uri: /home/luan/odoo/addons/sale_stock/models/sale_order_line.py
2024-02-02 13:23:43.145 [info] Discover tests for workspace name: addons - uri: /home/luan/odoo/addons/sale_stock/models/sale_order_line.py
2024-02-02 13:23:48.654 [info] Discover tests for workspace name: addons - uri: /home/luan/odoo/addons/sale_stock/models/sale_order_line.py
2024-02-02 13:23:50.212 [info] Discover tests for workspace name: addons - uri: /home/luan/odoo/addons/sale_stock/models/sale_order_line.py
2024-02-02 13:23:58.714 [info] Discover tests for workspace name: addons - uri: /home/luan/odoo/addons/sale_stock/models/sale_order_line.py
2024-02-02 13:28:34.245 [info] Discover tests for workspace name: addons - uri: /home/luan/odoo/addons/sale_stock/models/sale_order_line.py
2024-02-02 13:28:43.418 [info] Discover tests for workspace name: addons - uri: /home/luan/odoo/addons/sale_stock/models/sale_order_line.py
2024-02-02 13:32:18.283 [info] Discover tests for workspace name: addons - uri: /home/luan/odoo/addons/sale_stock/models/sale_order_line.py
2024-02-02 13:33:25.403 [info] Discover tests for workspace name: addons - uri: /home/luan/odoo/addons/sale_stock/models/sale_order_line.py
2024-02-02 13:33:36.051 [info] Discover tests for workspace name: addons - uri: /home/luan/odoo/addons/sale_stock/models/sale_order_line.py
2024-02-02 13:33:38.324 [info] Discover tests for workspace name: addons - uri: /home/luan/odoo/addons/sale_stock/models/sale_order_line.py
2024-02-02 13:33:42.478 [info] Discover tests for workspace name: addons - uri: /home/luan/odoo/addons/sale_stock/models/sale_order_line.py
2024-02-02 13:33:55.127 [info] Discover tests for workspace name: addons - uri: /home/luan/odoo/addons/sale_stock/models/sale_order_line.py
2024-02-02 13:33:57.210 [info] Discover tests for workspace name: addons - uri: /home/luan/odoo/addons/sale_stock/models/sale_order_line.py
2024-02-02 13:34:05.918 [info] Discover tests for workspace name: addons - uri: /home/luan/odoo/addons/sale_stock/models/sale_order_line.py
2024-02-02 13:34:22.409 [info] Discover tests for workspace name: addons - uri: /home/luan/odoo/addons/sale_stock/models/sale_order_line.py
2024-02-02 13:34:25.114 [info] Discover tests for workspace name: addons - uri: /home/luan/odoo/addons/sale_stock/models/sale_order_line.py
2024-02-02 13:35:16.352 [info] Discover tests for workspace name: addons - uri: /home/luan/odoo/addons/sale_stock/models/sale_order_line.py
2024-02-02 13:35:41.918 [info] Discover tests for workspace name: addons - uri: /home/luan/odoo/addons/sale_stock/models/sale_order_line.py
2024-02-02 13:36:02.952 [info] Discover tests for workspace name: addons - uri: /home/luan/odoo/addons/sale_stock/models/sale_order_line.py
2024-02-02 13:36:04.984 [info] Discover tests for workspace name: addons - uri: /home/luan/odoo/addons/sale_stock/models/sale_order_line.py
2024-02-02 13:36:13.944 [info] Discover tests for workspace name: addons - uri: /home/luan/odoo/addons/sale_stock/models/sale_order_line.py
2024-02-02 13:42:37.013 [info] Discover tests for workspace name: addons - uri: /home/luan/odoo/addons/sale_stock/models/sale_order_line.py
2024-02-02 13:42:44.326 [info] Discover tests for workspace name: addons - uri: /home/luan/odoo/addons/sale_stock/models/sale_order_line.py
2024-02-02 13:42:44.820 [info] Discover tests for workspace name: addons - uri: /home/luan/odoo/addons/sale_stock/models/sale_order_line.py
2024-02-02 13:45:18.352 [info] Discover tests for workspace name: addons - uri: /home/luan/odoo/addons/sale_stock/models/sale_order_line.py
2024-02-02 13:45:50.380 [info] Discover tests for workspace name: addons - uri: /home/luan/odoo/addons/sale_stock/models/sale_order_line.py
2024-02-02 16:15:12.668 [info] Discover tests for workspace name: addons - uri: /home/luan/odoo/addons/sale_stock/models/sale_order_line.py
2024-02-02 16:15:15.123 [info] Discover tests for workspace name: addons - uri: /home/luan/odoo/addons/sale_stock/models/sale_order_line.py
2024-02-02 16:15:20.846 [info] Discover tests for workspace name: addons - uri: /home/luan/odoo/addons/sale_stock/models/sale_order_line.py
2024-02-02 16:15:22.664 [info] Discover tests for workspace name: addons - uri: /home/luan/odoo/addons/sale_stock/models/sale_order_line.py
2024-02-02 16:16:01.118 [info] Discover tests for workspace name: addons - uri: /home/luan/odoo/addons/sale_stock/models/sale_order.py
2024-02-02 16:16:03.770 [info] Discover tests for workspace name: addons - uri: /home/luan/odoo/addons/sale_stock/models/sale_order.py
2024-02-02 16:16:10.699 [info] Discover tests for workspace name: addons - uri: /home/luan/odoo/addons/sale_stock/models/sale_order.py
2024-02-02 16:16:15.277 [info] Discover tests for workspace name: addons - uri: /home/luan/odoo/addons/sale_stock/models/sale_order.py
2024-02-02 16:17:10.308 [info] Discover tests for workspace name: addons - uri: /home/luan/odoo/addons/delivery_stock_picking_batch/models/stock_picking.py
2024-02-02 16:17:18.977 [info] Discover tests for workspace name: addons - uri: /home/luan/odoo/addons/delivery_stock_picking_batch/models/stock_picking.py
2024-02-02 16:17:31.693 [info] Discover tests for workspace name: addons - uri: /home/luan/odoo/addons/delivery_stock_picking_batch/models/stock_picking.py
2024-02-02 16:17:33.688 [info] Discover tests for workspace name: addons - uri: /home/luan/odoo/addons/delivery_stock_picking_batch/models/stock_picking.py
2024-02-02 16:17:35.063 [info] Discover tests for workspace name: addons - uri: /home/luan/odoo/addons/delivery_stock_picking_batch/models/stock_picking.py
2024-02-02 16:18:19.827 [info] Discover tests for workspace name: addons - uri: /home/luan/odoo/addons/product_expiry/models/stock_picking.py
2024-02-02 16:18:27.817 [info] Discover tests for workspace name: addons - uri: /home/luan/odoo/addons/product_expiry/models/stock_picking.py
2024-02-02 16:32:32.118 [info] Discover tests for workspace name: addons - uri: /home/luan/odoo/addons/sale_stock/models/sale_order.py
2024-02-02 16:32:36.423 [info] Discover tests for workspace name: addons - uri: /home/luan/odoo/addons/sale_stock/models/sale_order.py
2024-02-02 16:33:42.421 [info] Discover tests for workspace name: addons - uri: /home/luan/odoo/addons/sale/models/sale_order.py
2024-02-02 16:33:46.296 [info] Discover tests for workspace name: addons - uri: /home/luan/odoo/addons/sale/models/sale_order.py
2024-02-02 16:33:53.416 [info] Discover tests for workspace name: addons - uri: /home/luan/odoo/addons/sale/models/sale_order.py
2024-02-02 16:33:55.928 [info] Discover tests for workspace name: addons - uri: /home/luan/odoo/addons/sale/models/sale_order.py
2024-02-02 16:33:58.905 [info] Discover tests for workspace name: addons - uri: /home/luan/odoo/addons/sale/models/sale_order.py
2024-02-02 16:34:02.248 [info] Discover tests for workspace name: addons - uri: /home/luan/odoo/addons/sale/models/sale_order.py
2024-02-02 16:34:31.040 [info] Discover tests for workspace name: addons - uri: /home/luan/odoo/addons/sale/models/sale_order.py
2024-02-02 16:34:35.338 [info] Discover tests for workspace name: addons - uri: /home/luan/odoo/addons/sale/models/sale_order.py
2024-02-02 16:34:42.009 [info] Discover tests for workspace name: addons - uri: /home/luan/odoo/addons/sale/models/sale_order.py
2024-02-02 16:34:44.987 [info] Discover tests for workspace name: addons - uri: /home/luan/odoo/addons/sale/models/sale_order.py
2024-02-02 16:35:07.917 [info] Discover tests for workspace name: addons - uri: /home/luan/odoo/addons/sale/models/sale_order.py
2024-02-02 16:35:10.964 [info] Discover tests for workspace name: addons - uri: /home/luan/odoo/addons/sale/models/sale_order.py
2024-02-02 16:35:13.342 [info] Discover tests for workspace name: addons - uri: /home/luan/odoo/addons/sale/models/sale_order.py
2024-02-02 16:35:16.539 [info] Discover tests for workspace name: addons - uri: /home/luan/odoo/addons/sale/models/sale_order.py
2024-02-02 16:35:46.940 [info] Discover tests for workspace name: addons - uri: /home/luan/odoo/addons/sale/models/sale_order.py
2024-02-02 16:35:48.292 [info] Discover tests for workspace name: addons - uri: /home/luan/odoo/addons/sale/models/sale_order.py
2024-02-02 16:35:52.112 [info] Discover tests for workspace name: addons - uri: /home/luan/odoo/addons/sale/models/sale_order.py
2024-02-02 16:36:09.620 [info] Discover tests for workspace name: addons - uri: /home/luan/odoo/addons/sale/models/sale_order.py
2024-02-02 16:36:11.922 [info] Discover tests for workspace name: addons - uri: /home/luan/odoo/addons/sale/models/sale_order.py
2024-02-02 16:36:14.575 [info] Discover tests for workspace name: addons - uri: /home/luan/odoo/addons/sale/models/sale_order.py
2024-02-02 16:36:18.899 [info] Discover tests for workspace name: addons - uri: /home/luan/odoo/addons/sale/models/sale_order.py
2024-02-02 16:36:26.843 [info] Discover tests for workspace name: addons - uri: /home/luan/odoo/addons/sale/models/sale_order.py
2024-02-02 16:36:42.638 [info] Discover tests for workspace name: addons - uri: /home/luan/odoo/addons/sale/models/sale_order.py
2024-02-02 16:36:45.500 [info] Discover tests for workspace name: addons - uri: /home/luan/odoo/addons/sale/models/sale_order.py
2024-02-02 16:37:05.872 [info] Discover tests for workspace name: addons - uri: /home/luan/odoo/addons/sale/models/sale_order.py
2024-02-02 16:37:14.813 [info] Discover tests for workspace name: addons - uri: /home/luan/odoo/addons/sale/models/sale_order.py
2024-02-02 16:41:17.686 [info] Discover tests for workspace name: addons - uri: /home/luan/odoo/addons/sale/models/sale_order.py
2024-02-02 16:41:25.516 [info] Discover tests for workspace name: addons - uri: /home/luan/odoo/addons/sale/models/sale_order.py
2024-02-02 16:44:43.284 [info] Discover tests for workspace name: addons - uri: /home/luan/odoo/addons/sale/models/sale_order.py
2024-02-02 16:44:46.837 [info] Discover tests for workspace name: addons - uri: /home/luan/odoo/addons/sale/models/sale_order.py
2024-02-02 16:57:51.140 [info] Discover tests for workspace name: addons - uri: /home/luan/odoo/addons/sale_stock/models/sale_order_line.py
2024-02-02 16:59:05.625 [info] Discover tests for workspace name: addons - uri: /home/luan/odoo/addons/sale/models/sale_order.py
2024-02-02 16:59:08.178 [info] Discover tests for workspace name: addons - uri: /home/luan/odoo/addons/sale/models/sale_order.py
2024-02-02 16:59:12.644 [info] Discover tests for workspace name: addons - uri: /home/luan/odoo/addons/sale/models/sale_order.py
2024-02-02 16:59:15.840 [info] Discover tests for workspace name: addons - uri: /home/luan/odoo/addons/sale/models/sale_order.py
2024-02-02 16:59:17.752 [info] Discover tests for workspace name: addons - uri: /home/luan/odoo/addons/sale/models/sale_order.py
2024-02-02 16:59:20.448 [info] Discover tests for workspace name: addons - uri: /home/luan/odoo/addons/sale/models/sale_order.py
2024-02-02 16:59:21.969 [info] Discover tests for workspace name: addons - uri: /home/luan/odoo/addons/sale/models/sale_order.py
2024-02-02 16:59:23.334 [info] Discover tests for workspace name: addons - uri: /home/luan/odoo/addons/sale/models/sale_order.py
2024-02-02 16:59:31.006 [info] Discover tests for workspace name: addons - uri: /home/luan/odoo/addons/sale/models/sale_order.py
2024-02-02 17:03:57.778 [info] Discover tests for workspace name: addons - uri: /home/luan/odoo/addons/sale/models/sale_order.py
2024-02-02 17:04:08.468 [info] Discover tests for workspace name: addons - uri: /home/luan/odoo/addons/sale/models/sale_order.py
2024-02-02 17:04:24.965 [info] Discover tests for workspace name: addons - uri: /home/luan/odoo/addons/sale/models/sale_order.py
2024-02-02 17:05:25.022 [info] Discover tests for workspace name: addons - uri: /home/luan/odoo/addons/sale/models/sale_order.py
2024-02-02 17:05:26.666 [info] Discover tests for workspace name: addons - uri: /home/luan/odoo/addons/sale/models/sale_order.py
2024-02-02 17:05:29.291 [info] Discover tests for workspace name: addons - uri: /home/luan/odoo/addons/sale/models/sale_order.py
2024-02-02 17:05:30.915 [info] Discover tests for workspace name: addons - uri: /home/luan/odoo/addons/sale/models/sale_order.py
2024-02-02 17:05:53.380 [info] Discover tests for workspace name: addons - uri: /home/luan/odoo/addons/sale/models/sale_order.py
2024-02-02 17:05:58.724 [info] Discover tests for workspace name: addons - uri: /home/luan/odoo/addons/sale/models/sale_order.py
2024-02-02 17:06:17.829 [info] Discover tests for workspace name: addons - uri: /home/luan/odoo/addons/sale/models/sale_order.py
2024-02-02 17:06:24.820 [info] Discover tests for workspace name: addons - uri: /home/luan/odoo/addons/sale/models/sale_order.py
2024-02-02 17:06:47.276 [info] Discover tests for workspace name: addons - uri: /home/luan/odoo/addons/sale/models/sale_order.py
2024-02-02 17:13:30.532 [info] Discover tests for workspace name: addons - uri: /home/luan/odoo/addons/sale/models/sale_order.py
2024-02-02 17:13:32.404 [info] Discover tests for workspace name: addons - uri: /home/luan/odoo/addons/sale/models/sale_order.py
2024-02-02 17:13:33.326 [info] Discover tests for workspace name: addons - uri: /home/luan/odoo/addons/sale/models/sale_order.py
2024-02-02 17:13:34.488 [info] Discover tests for workspace name: addons - uri: /home/luan/odoo/addons/sale/models/sale_order.py
2024-02-02 17:13:37.159 [info] Discover tests for workspace name: addons - uri: /home/luan/odoo/addons/sale/models/sale_order.py
2024-02-02 17:13:38.876 [info] Discover tests for workspace name: addons - uri: /home/luan/odoo/addons/sale/models/sale_order.py
2024-02-02 17:14:02.484 [info] Discover tests for workspace name: addons - uri: /home/luan/odoo/addons/sale/models/sale_order.py
2024-02-02 17:14:47.212 [info] Discover tests for workspace name: addons - uri: /home/luan/odoo/addons/product_expiry/models/stock_picking.py
2024-02-02 17:15:05.525 [info] Discover tests for workspace name: addons - uri: /home/luan/odoo/addons/sale/models/sale_order.py
