2024-01-25 00:46:08.340 [info] Experiment 'pythonRecommendTensorboardExt' is active
2024-01-25 00:46:08.340 [info] Experiment 'pythonREPLSmartSend' is active
2024-01-25 00:46:08.340 [info] Experiment 'pythonSurveyNotification' is active
2024-01-25 00:46:08.340 [info] Experiment 'pythonTerminalEnvVarActivation' is active
2024-01-25 00:46:08.340 [info] Experiment 'pythonTestAdapter' is active
2024-01-25 00:46:08.366 [error] Dir "/home/luan/odoo/addons" is not watchable (too many files)
2024-01-25 00:46:08.427 [info] Default formatter is set to null for workspace /home/luan/odoo/addons
2024-01-25 00:46:08.515 [info] Test server listening.
2024-01-25 00:46:09.455 [info] > conda info --json
2024-01-25 00:46:09.562 [info] Found: /bin/python --> /bin/python3.10
2024-01-25 00:46:09.566 [info] Found: /bin/python2 --> /bin/python2.7
2024-01-25 00:46:09.567 [info] Found: /bin/python2.7 --> /bin/python2.7
2024-01-25 00:46:09.574 [info] Found: /bin/python3 --> /bin/python3.10
2024-01-25 00:46:09.576 [info] Found: /bin/python3.10 --> /bin/python3.10
2024-01-25 00:46:09.643 [warning] Retry failed, storage update failed for key PYTHON_GLOBAL_STORAGE_KEYS
2024-01-25 00:46:09.643 [warning] Retry failed, storage update failed for key PYTHON_GLOBAL_STORAGE_KEYS
2024-01-25 00:46:09.643 [warning] Retry failed, storage update failed for key PYTHON_GLOBAL_STORAGE_KEYS
2024-01-25 00:46:09.643 [warning] Retry failed, storage update failed for key PYTHON_GLOBAL_STORAGE_KEYS
2024-01-25 00:46:09.643 [warning] Retry failed, storage update failed for key PYTHON_GLOBAL_STORAGE_KEYS
2024-01-25 00:46:09.643 [warning] Retry failed, storage update failed for key PYTHON_GLOBAL_STORAGE_KEYS
2024-01-25 00:46:09.644 [warning] Retry failed, storage update failed for key PYTHON_WORKSPACE_STORAGE_KEYS
2024-01-25 00:46:09.644 [warning] Retry failed, storage update failed for key PYTHON_WORKSPACE_STORAGE_KEYS
2024-01-25 00:46:09.644 [warning] Retry failed, storage update failed for key PYTHON_WORKSPACE_STORAGE_KEYS
2024-01-25 00:46:09.647 [info] Found: /usr/bin/python --> /usr/bin/python3.10
2024-01-25 00:46:09.700 [info] Found: /usr/bin/python2 --> /usr/bin/python2.7
2024-01-25 00:46:09.702 [info] Found: /usr/bin/python2.7 --> /usr/bin/python2.7
2024-01-25 00:46:09.716 [info] Found: /usr/bin/python3 --> /usr/bin/python3.10
2024-01-25 00:46:09.718 [info] Found: /usr/bin/python3.10 --> /usr/bin/python3.10
2024-01-25 00:46:09.745 [info] > ~/.local/share/virtualenvs/ufsc-tVq-w3_0/bin/python -I ~/.vscode/extensions/ms-python.python-2023.22.1/pythonFiles/get_output_via_markers.py ~/.vscode/extensions/ms-python.python-2023.22.1/pythonFiles/interpreterInfo.py
2024-01-25 00:46:10.836 [info] > /bin/python -I ~/.vscode/extensions/ms-python.python-2023.22.1/pythonFiles/get_output_via_markers.py ~/.vscode/extensions/ms-python.python-2023.22.1/pythonFiles/interpreterInfo.py
2024-01-25 00:46:11.064 [info] > /bin/python2 -I ~/.vscode/extensions/ms-python.python-2023.22.1/pythonFiles/get_output_via_markers.py ~/.vscode/extensions/ms-python.python-2023.22.1/pythonFiles/interpreterInfo.py
2024-01-25 00:46:11.187 [warning] [Error: Command failed: /bin/python2 -I /root/.vscode/extensions/ms-python.python-2023.22.1/pythonFiles/get_output_via_markers.py /root/.vscode/extensions/ms-python.python-2023.22.1/pythonFiles/interpreterInfo.py
Unknown option: -I
usage: /bin/python2 [option] ... [-c cmd | -m mod | file | -] [arg] ...
Try `python -h' for more information.

	at ChildProcess.exithandler (node:child_process:431:12)
	at ChildProcess.emit (node:events:525:35)
	at maybeClose (node:internal/child_process:1091:16)
	at Socket.<anonymous> (node:internal/child_process:449:11)
	at Socket.emit (node:events:513:28)
	at Pipe.<anonymous> (node:net:322:12)] {
  code: 2,
  killed: false,
  signal: null,
  cmd: '/bin/python2 -I /root/.vscode/extensions/ms-python.python-2023.22.1/pythonFiles/get_output_via_markers.py /root/.vscode/extensions/ms-python.python-2023.22.1/pythonFiles/interpreterInfo.py'
}
2024-01-25 00:46:11.187 [error] Support for Python 2.7 has been dropped by the Python extension so certain features may not work, upgrade to using Python 3.
2024-01-25 00:46:11.210 [info] > /bin/python2 ~/.vscode/extensions/ms-python.python-2023.22.1/pythonFiles/get_output_via_markers.py ~/.vscode/extensions/ms-python.python-2023.22.1/pythonFiles/interpreterInfo.py
2024-01-25 00:46:11.230 [info] > /usr/bin/python -I ~/.vscode/extensions/ms-python.python-2023.22.1/pythonFiles/get_output_via_markers.py ~/.vscode/extensions/ms-python.python-2023.22.1/pythonFiles/interpreterInfo.py
2024-01-25 00:46:11.347 [info] > /usr/bin/python2 -I ~/.vscode/extensions/ms-python.python-2023.22.1/pythonFiles/get_output_via_markers.py ~/.vscode/extensions/ms-python.python-2023.22.1/pythonFiles/interpreterInfo.py
2024-01-25 00:46:11.352 [warning] [Error: Command failed: /usr/bin/python2 -I /root/.vscode/extensions/ms-python.python-2023.22.1/pythonFiles/get_output_via_markers.py /root/.vscode/extensions/ms-python.python-2023.22.1/pythonFiles/interpreterInfo.py
Unknown option: -I
usage: /usr/bin/python2 [option] ... [-c cmd | -m mod | file | -] [arg] ...
Try `python -h' for more information.

	at ChildProcess.exithandler (node:child_process:431:12)
	at ChildProcess.emit (node:events:525:35)
	at maybeClose (node:internal/child_process:1091:16)
	at Socket.<anonymous> (node:internal/child_process:449:11)
	at Socket.emit (node:events:513:28)
	at Pipe.<anonymous> (node:net:322:12)] {
  code: 2,
  killed: false,
  signal: null,
  cmd: '/usr/bin/python2 -I /root/.vscode/extensions/ms-python.python-2023.22.1/pythonFiles/get_output_via_markers.py /root/.vscode/extensions/ms-python.python-2023.22.1/pythonFiles/interpreterInfo.py'
}
2024-01-25 00:46:11.352 [error] Support for Python 2.7 has been dropped by the Python extension so certain features may not work, upgrade to using Python 3.
2024-01-25 00:46:11.365 [info] > /usr/bin/python2 ~/.vscode/extensions/ms-python.python-2023.22.1/pythonFiles/get_output_via_markers.py ~/.vscode/extensions/ms-python.python-2023.22.1/pythonFiles/interpreterInfo.py
2024-01-25 00:46:12.177 [info] Send text to terminal: echo /usr/bin/bash
2024-01-25 00:46:12.233 [info] Python interpreter path: /bin/python
2024-01-25 00:46:12.238 [warning] Retry failed, storage update failed for key PYTHON_GLOBAL_STORAGE_KEYS
2024-01-25 00:46:14.064 [info] Starting Pylance language server.
2024-01-25 00:46:15.177 [info] Shell integration is not working for bash
2024-01-25 00:46:15.179 [warning] Shell integration is not active, environment activated maybe overriden by the shell.
2024-01-28 21:43:00.783 [info] Discover tests for workspace name: addons - uri: /home/luan/odoo/addons/sale/models/sale_order.py
2024-01-28 21:43:03.232 [info] Discover tests for workspace name: addons - uri: /home/luan/odoo/addons/sale/models/sale_order.py
2024-01-28 21:43:29.569 [info] Discover tests for workspace name: addons - uri: /home/luan/odoo/addons/loquei/models/rental_product.py
2024-01-28 22:58:17.812 [info] Discover tests for workspace name: addons - uri: /home/luan/odoo/addons/loquei/models/rental_order.py
2024-01-28 22:58:19.628 [info] Discover tests for workspace name: addons - uri: /home/luan/odoo/addons/loquei/models/rental_order.py
2024-01-28 22:59:24.677 [info] Discover tests for workspace name: addons - uri: /home/luan/odoo/addons/loquei/models/cleaning_time.py
2024-01-28 22:59:27.878 [info] Discover tests for workspace name: addons - uri: /home/luan/odoo/addons/loquei/models/cleaning_time.py
2024-01-28 22:59:42.653 [info] Discover tests for workspace name: addons - uri: /home/luan/odoo/addons/loquei/__manifest__.py
2024-01-28 22:59:43.901 [info] Discover tests for workspace name: addons - uri: /home/luan/odoo/addons/loquei/__manifest__.py
2024-01-28 22:59:44.751 [info] Discover tests for workspace name: addons - uri: /home/luan/odoo/addons/loquei/__manifest__.py
2024-01-28 22:59:49.906 [info] Discover tests for workspace name: addons - uri: /home/luan/odoo/addons/loquei/__manifest__.py
2024-01-28 22:59:54.220 [info] Discover tests for workspace name: addons - uri: /home/luan/odoo/addons/loquei/__manifest__.py
2024-01-28 22:59:56.720 [info] Discover tests for workspace name: addons - uri: /home/luan/odoo/addons/loquei/__manifest__.py
2024-01-28 22:59:59.669 [info] Discover tests for workspace name: addons - uri: /home/luan/odoo/addons/loquei/__manifest__.py
2024-01-28 23:00:01.422 [info] Discover tests for workspace name: addons - uri: /home/luan/odoo/addons/loquei/__manifest__.py
2024-01-28 23:01:04.113 [info] Discover tests for workspace name: addons - uri: /home/luan/odoo/addons/loquei/models/cleaning_time.py
2024-01-28 23:01:31.816 [info] Discover tests for workspace name: addons - uri: /home/luan/odoo/addons/loquei/models/cleaning_time.py
2024-01-28 23:01:34.272 [info] Discover tests for workspace name: addons - uri: /home/luan/odoo/addons/loquei/models/cleaning_time.py
2024-01-28 23:01:43.007 [info] Discover tests for workspace name: addons - uri: /home/luan/odoo/addons/loquei/models/rental_order.py
2024-01-28 23:01:45.461 [info] Discover tests for workspace name: addons - uri: /home/luan/odoo/addons/loquei/models/rental_order.py
2024-01-28 23:04:07.736 [info] Discover tests for workspace name: addons - uri: /home/luan/odoo/addons/loquei/models/rental_order.py
2024-01-28 23:04:21.727 [info] Discover tests for workspace name: addons - uri: /home/luan/odoo/addons/loquei/models/rental_order.py
2024-01-28 23:04:23.493 [info] Discover tests for workspace name: addons - uri: /home/luan/odoo/addons/loquei/models/rental_order.py
2024-01-28 23:04:28.070 [info] Discover tests for workspace name: addons - uri: /home/luan/odoo/addons/loquei/models/rental_order.py
2024-01-28 23:04:30.268 [info] Discover tests for workspace name: addons - uri: /home/luan/odoo/addons/loquei/models/rental_order.py
2024-01-28 23:04:36.857 [info] Discover tests for workspace name: addons - uri: /home/luan/odoo/addons/loquei/models/rental_order.py
2024-01-28 23:04:38.732 [info] Discover tests for workspace name: addons - uri: /home/luan/odoo/addons/loquei/models/rental_order.py
2024-01-28 23:04:41.349 [info] Discover tests for workspace name: addons - uri: /home/luan/odoo/addons/loquei/models/rental_order.py
2024-01-28 23:04:45.827 [info] Discover tests for workspace name: addons - uri: /home/luan/odoo/addons/loquei/models/rental_order.py
2024-01-28 23:04:47.264 [info] Discover tests for workspace name: addons - uri: /home/luan/odoo/addons/loquei/models/rental_order.py
2024-01-28 23:07:10.028 [info] Discover tests for workspace name: addons - uri: /home/luan/odoo/addons/loquei/models/stock_move.py
2024-01-28 23:07:16.337 [info] Discover tests for workspace name: addons - uri: /home/luan/odoo/addons/loquei/models/__init__.py
2024-01-28 23:07:19.833 [info] Discover tests for workspace name: addons - uri: /home/luan/odoo/addons/loquei/models/__init__.py
2024-01-28 23:09:13.835 [info] Discover tests for workspace name: addons - uri: /home/luan/odoo/addons/loquei/models/rental_order.py
2024-01-28 23:09:15.218 [info] Discover tests for workspace name: addons - uri: /home/luan/odoo/addons/loquei/models/rental_order.py
2024-01-28 23:10:48.790 [info] Discover tests for workspace name: addons - uri: /home/luan/odoo/addons/loquei/models/rental_order.py
2024-01-28 23:36:37.650 [info] Discover tests for workspace name: addons - uri: /home/luan/odoo/addons/loquei/models/rental_order.py
2024-01-28 23:36:39.459 [info] Discover tests for workspace name: addons - uri: /home/luan/odoo/addons/loquei/models/rental_order.py
2024-01-28 23:40:00.949 [info] Discover tests for workspace name: addons - uri: /home/luan/odoo/addons/sale/models/sale_order.py
2024-01-28 23:44:16.042 [info] Discover tests for workspace name: addons - uri: /home/luan/odoo/addons/loquei/models/rental_order.py
2024-01-28 23:49:47.767 [info] Discover tests for workspace name: addons - uri: /home/luan/odoo/addons/loquei/models/rental_order.py
2024-01-28 23:49:49.179 [info] Discover tests for workspace name: addons - uri: /home/luan/odoo/addons/loquei/models/rental_order.py
2024-01-28 23:49:51.885 [info] Discover tests for workspace name: addons - uri: /home/luan/odoo/addons/loquei/models/rental_order.py
2024-01-28 23:50:43.675 [info] Discover tests for workspace name: addons - uri: /home/luan/odoo/addons/loquei/__manifest__.py
2024-01-28 23:50:59.914 [info] Discover tests for workspace name: addons - uri: /home/luan/odoo/addons/loquei/models/rental_order.py
2024-01-28 23:51:01.654 [info] Discover tests for workspace name: addons - uri: /home/luan/odoo/addons/loquei/models/rental_order.py
2024-01-28 23:51:03.470 [info] Discover tests for workspace name: addons - uri: /home/luan/odoo/addons/loquei/models/rental_order.py
