2024-01-25 00:40:31.055 [info] Extension host with pid 8392 started
2024-01-25 00:40:31.564 [info] ExtensionService#_doActivateExtension vscode.git-base, startup: true, activationEvent: '*', root cause: vscode.git
2024-01-25 00:40:31.780 [info] ExtensionService#_doActivateExtension vscode.git, startup: true, activationEvent: '*'
2024-01-25 00:40:31.949 [info] ExtensionService#_doActivateExtension vscode.github, startup: true, activationEvent: '*'
2024-01-25 00:40:32.316 [info] Eager extensions activated
2024-01-25 00:40:32.368 [info] ExtensionService#_doActivateExtension vscode.debug-auto-launch, startup: false, activationEvent: 'onStartupFinished'
2024-01-25 00:40:32.377 [info] ExtensionService#_doActivateExtension vscode.merge-conflict, startup: false, activationEvent: 'onStartupFinished'
2024-01-25 00:41:27.630 [info] Extension host terminating: renderer closed the MessagePort
2024-01-25 00:41:27.656 [info] Extension host with pid 8392 exiting with code 0
2024-01-25 00:41:30.592 [info] Extension host with pid 8537 started
2024-01-25 00:41:30.592 [info] Skipping acquiring lock for /home/luan/odoo/User/workspaceStorage/9826a24f6914fb555e90792c505ce365.
2024-01-25 00:41:30.778 [info] ExtensionService#_doActivateExtension vscode.git-base, startup: true, activationEvent: '*'
2024-01-25 00:41:30.813 [info] ExtensionService#_doActivateExtension vscode.github, startup: true, activationEvent: '*'
2024-01-25 00:41:30.902 [info] Eager extensions activated
2024-01-25 00:41:30.984 [info] ExtensionService#_doActivateExtension vscode.debug-auto-launch, startup: false, activationEvent: 'onStartupFinished'
2024-01-25 00:41:30.986 [info] ExtensionService#_doActivateExtension vscode.merge-conflict, startup: false, activationEvent: 'onStartupFinished'
2024-01-25 00:41:34.891 [info] ExtensionService#_doActivateExtension vscode.git, startup: false, activationEvent: 'api', root cause: vscode.github
2024-01-25 00:41:53.565 [info] ExtensionService#_doActivateExtension vscode.emmet, startup: false, activationEvent: 'onLanguage'
2024-01-25 00:42:37.197 [info] ExtensionService#_doActivateExtension vscode.json-language-features, startup: false, activationEvent: 'onLanguage:jsonc'
2024-01-25 00:42:37.609 [info] ExtensionService#_doActivateExtension vscode.typescript-language-features, startup: false, activationEvent: 'onLanguage:jsonc'
2024-01-25 00:46:07.474 [info] ExtensionService#_doActivateExtension ms-python.python, startup: false, activationEvent: 'onLanguage:python'
2024-01-25 00:46:08.530 [info] ExtensionService#_doActivateExtension ms-python.vscode-pylance, startup: false, activationEvent: 'onLanguage:python'
